<?xml version="1.0" encoding="UTF-8"?>
<testsuites name="Check" time="8.465" tests="2" failures="0" errors="0">
   <testsuite name="Check" tests="2" failures="0" errors="0" time="8.465" skipped="0" timestamp="19-09-2024T22:45:24" hostname="Rohit Roy - DESKTOP-40FUI3F" id="Test Suites/Check">
      <properties>
         <property name="deviceName" value=""/>
         <property name="devicePlatform"/>
         <property name="logFolder" value="C:\\Users\\Rohit Roy\\git\\Katalon-Project\\Reports\\20240919_224521\\Check\\20240919_224522"/>
         <property name="logFiles" value="C:\\Users\\Rohit Roy\\git\\Katalon-Project\\Reports\\20240919_224521\\Check\\20240919_224522\\execution0.log"/>
         <property name="attachments" value=""/>
         <property name="hostName" value="Rohit Roy - DESKTOP-40FUI3F"/>
         <property name="os" value="Windows 11 64bit"/>
         <property name="katalonVersion" value="9.7.2.223"/>
         <property name="browser" value="Chrome 128.0.0.0"/>
         <property name="hostAddress" value="192.168.29.56"/>
         <property name="sessionId" value="c7b3c04e1b7d5d8239a98049ca247be9"/>
         <property name="seleniumVersion" value="3.141.59"/>
         <property name="proxyInformation" value="ProxyInformation { proxyOption=NO_PROXY, proxyServerType=HTTP, username=, password=********, proxyServerAddress=, proxyServerPort=0, executionList=&quot;&quot;, isApplyToDesiredCapabilities=true }"/>
         <property name="platform" value="Windows 11"/>
      </properties>
      <testcase name="Test Cases/Open Browser" time="4.251" classname="Test Cases/Open Browser" status="PASSED">
         <system-out><![CDATA[19-09-2024T22:45:24 - [TEST_CASE][PASSED] - Test Cases/Open Browser: Test Cases/Open Browser

19-09-2024T22:45:24 - [TEST_STEP][PASSED] - openBrowser(""): Browser is opened with url: ''

19-09-2024T22:45:24 - [MESSAGE][INFO] - Starting 'Chrome' driver

19-09-2024T22:45:25 - [MESSAGE][INFO] - Action delay is set to 0 milliseconds

19-09-2024T22:45:26 - [MESSAGE][PASSED] - Browser is opened with url: ''

19-09-2024T22:45:26 - [TEST_STEP][PASSED] - navigateToUrl("https://katalon-demo-cura.herokuapp.com/"): Navigate to 'https://katalon-demo-cura.herokuapp.com/' successfully

19-09-2024T22:45:28 - [MESSAGE][PASSED] - Navigate to 'https://katalon-demo-cura.herokuapp.com/' successfully]]></system-out>
         <system-err><![CDATA[]]></system-err>
      </testcase>
      <testcase name="Test Cases/Close" time="4.11" classname="Test Cases/Close" status="PASSED">
         <system-out><![CDATA[19-09-2024T22:45:29 - [TEST_CASE][PASSED] - Test Cases/Close: Test Cases/Close

19-09-2024T22:45:29 - [TEST_STEP][PASSED] - callTestCase(findTestCase("Open Browser"), [:], STOP_ON_FAILURE): Call Test Case 'Test Cases/Open Browser' successfully

19-09-2024T22:45:29 - [TEST_CASE][PASSED] - Test Cases/Open Browser: Test Cases/Open Browser

19-09-2024T22:45:29 - [TEST_STEP][PASSED] - openBrowser(""): Browser is opened with url: ''

19-09-2024T22:45:29 - [MESSAGE][WARNING] - A browser is already opened. Closing browser and opening a new one

19-09-2024T22:45:29 - [MESSAGE][INFO] - Starting 'Chrome' driver

19-09-2024T22:45:29 - [MESSAGE][INFO] - Action delay is set to 0 milliseconds

19-09-2024T22:45:30 - [MESSAGE][PASSED] - Browser is opened with url: ''

19-09-2024T22:45:30 - [TEST_STEP][PASSED] - navigateToUrl("https://katalon-demo-cura.herokuapp.com/"): Navigate to 'https://katalon-demo-cura.herokuapp.com/' successfully

19-09-2024T22:45:32 - [MESSAGE][PASSED] - Navigate to 'https://katalon-demo-cura.herokuapp.com/' successfully

19-09-2024T22:45:32 - [MESSAGE][PASSED] - Call Test Case 'Test Cases/Open Browser' successfully

19-09-2024T22:45:32 - [TEST_STEP][PASSED] - closeBrowser(): Browser is closed

19-09-2024T22:45:33 - [MESSAGE][PASSED] - Browser is closed]]></system-out>
         <system-err><![CDATA[]]></system-err>
      </testcase>
      <system-out><![CDATA[19-09-2024T22:45:24 - [TEST_SUITE][PASSED] - Check: Test Cases/Close]]></system-out>
      <system-err><![CDATA[]]></system-err>
   </testsuite>
</testsuites>
