<?xml version="1.0" encoding="UTF-8"?>
<testsuites name="Search Data" time="38.686" tests="3" failures="0" errors="0">
   <testsuite name="Search Data" tests="3" failures="0" errors="0" time="38.686" skipped="0" timestamp="03-10-2024T13:23:26" hostname="Rohit Roy - DESKTOP-40FUI3F" id="Test Suites/Search Data">
      <properties>
         <property name="deviceName" value=""/>
         <property name="devicePlatform"/>
         <property name="logFolder" value="C:\\Users\\Rohit Roy\\git\\Katalon-Project\\Reports\\20241003_132323\\Search Data\\20241003_132324"/>
         <property name="logFiles" value="C:\\Users\\Rohit Roy\\git\\Katalon-Project\\Reports\\20241003_132323\\Search Data\\20241003_132324\\execution0.log"/>
         <property name="attachments" value=""/>
         <property name="hostName" value="Rohit Roy - DESKTOP-40FUI3F"/>
         <property name="os" value="Windows 11 64bit"/>
         <property name="katalonVersion" value="9.7.2.223"/>
         <property name="browser" value="Chrome 129.0.0.0"/>
         <property name="hostAddress" value="192.168.29.56"/>
         <property name="sessionId" value="243014d824fa478fe86dae84866d51ae"/>
         <property name="seleniumVersion" value="3.141.59"/>
         <property name="proxyInformation" value="ProxyInformation { proxyOption=NO_PROXY, proxyServerType=HTTP, username=, password=********, proxyServerAddress=, proxyServerPort=0, executionList=&quot;&quot;, isApplyToDesiredCapabilities=true }"/>
         <property name="platform" value="Windows 11"/>
      </properties>
      <testcase name="Test Cases/Find a Place" time="15.265" classname="Test Cases/Find a Place" status="PASSED">
         <system-out><![CDATA[03-10-2024T13:23:26 - [TEST_CASE][PASSED] - Test Cases/Find a Place: Test Cases/Find a Place

03-10-2024T13:23:26 - [TEST_STEP][PASSED] - openBrowser(""): Browser is opened with url: ''

03-10-2024T13:23:27 - [MESSAGE][INFO] - Starting 'Chrome' driver

03-10-2024T13:23:27 - [MESSAGE][INFO] - Action delay is set to 0 milliseconds

03-10-2024T13:23:28 - [MESSAGE][PASSED] - Browser is opened with url: ''

03-10-2024T13:23:28 - [TEST_STEP][PASSED] - navigateToUrl("https://www.airbnb.co.in/"): Navigate to 'https://www.airbnb.co.in/' successfully

03-10-2024T13:23:30 - [MESSAGE][PASSED] - Navigate to 'https://www.airbnb.co.in/' successfully

03-10-2024T13:23:30 - [TEST_STEP][PASSED] - setText(findTestObject("Object Repository/Page_Airbnb search/input_Where_query"), City): Text 'Kolkata' is set on object 'Object Repository/Page_Airbnb search/input_Where_query'

03-10-2024T13:23:35 - [MESSAGE][PASSED] - Text 'Kolkata' is set on object 'Object Repository/Page_Airbnb search/input_Where_query'

03-10-2024T13:23:35 - [TEST_STEP][PASSED] - click(findTestObject("Object Repository/Page_Airbnb search/div_Check in")): Object: 'Object Repository/Page_Airbnb search/div_Check in' is clicked on

03-10-2024T13:23:36 - [MESSAGE][PASSED] - Object: 'Object Repository/Page_Airbnb search/div_Check in' is clicked on

03-10-2024T13:23:36 - [TEST_STEP][PASSED] - click(findTestObject("Object Repository/Page_Airbnb search/label_3 days3 days")): Object: 'Object Repository/Page_Airbnb search/label_3 days3 days' is clicked on

03-10-2024T13:23:37 - [MESSAGE][PASSED] - Object: 'Object Repository/Page_Airbnb search/label_3 days3 days' is clicked on

03-10-2024T13:23:37 - [TEST_STEP][PASSED] - click(findTestObject("Object Repository/Page_Airbnb search/span_Add guests_t1dqvypu atm_9s_1ulexfb atm_023ad9")): Object: 'Object Repository/Page_Airbnb search/span_Add guests_t1dqvypu atm_9s_1ulexfb atm_023ad9' is clicked on

03-10-2024T13:23:38 - [MESSAGE][PASSED] - Object: 'Object Repository/Page_Airbnb search/span_Add guests_t1dqvypu atm_9s_1ulexfb atm_023ad9' is clicked on

03-10-2024T13:23:38 - [TEST_STEP][PASSED] - verifyTextPresent(ExpectedResult, false): Text 'Over 1,000 places in Kolkata' is present on page 

03-10-2024T13:23:41 - [MESSAGE][PASSED] - Text 'Over 1,000 places in Kolkata' is present on page 

03-10-2024T13:23:41 - [TEST_STEP][PASSED] - closeBrowser(): Browser is closed

03-10-2024T13:23:42 - [MESSAGE][PASSED] - Browser is closed]]></system-out>
         <system-err><![CDATA[]]></system-err>
      </testcase>
      <testcase name="Test Cases/Find a Place" time="11.892" classname="Test Cases/Find a Place" status="PASSED">
         <system-out><![CDATA[03-10-2024T13:23:42 - [TEST_CASE][PASSED] - Test Cases/Find a Place: Test Cases/Find a Place

03-10-2024T13:23:42 - [TEST_STEP][PASSED] - openBrowser(""): Browser is opened with url: ''

03-10-2024T13:23:42 - [MESSAGE][INFO] - Starting 'Chrome' driver

03-10-2024T13:23:42 - [MESSAGE][INFO] - Action delay is set to 0 milliseconds

03-10-2024T13:23:42 - [MESSAGE][PASSED] - Browser is opened with url: ''

03-10-2024T13:23:42 - [TEST_STEP][PASSED] - navigateToUrl("https://www.airbnb.co.in/"): Navigate to 'https://www.airbnb.co.in/' successfully

03-10-2024T13:23:44 - [MESSAGE][PASSED] - Navigate to 'https://www.airbnb.co.in/' successfully

03-10-2024T13:23:44 - [TEST_STEP][PASSED] - setText(findTestObject("Object Repository/Page_Airbnb search/input_Where_query"), City): Text 'Punjab' is set on object 'Object Repository/Page_Airbnb search/input_Where_query'

03-10-2024T13:23:47 - [MESSAGE][PASSED] - Text 'Punjab' is set on object 'Object Repository/Page_Airbnb search/input_Where_query'

03-10-2024T13:23:47 - [TEST_STEP][PASSED] - click(findTestObject("Object Repository/Page_Airbnb search/div_Check in")): Object: 'Object Repository/Page_Airbnb search/div_Check in' is clicked on

03-10-2024T13:23:49 - [MESSAGE][PASSED] - Object: 'Object Repository/Page_Airbnb search/div_Check in' is clicked on

03-10-2024T13:23:49 - [TEST_STEP][PASSED] - click(findTestObject("Object Repository/Page_Airbnb search/label_3 days3 days")): Object: 'Object Repository/Page_Airbnb search/label_3 days3 days' is clicked on

03-10-2024T13:23:50 - [MESSAGE][PASSED] - Object: 'Object Repository/Page_Airbnb search/label_3 days3 days' is clicked on

03-10-2024T13:23:50 - [TEST_STEP][PASSED] - click(findTestObject("Object Repository/Page_Airbnb search/span_Add guests_t1dqvypu atm_9s_1ulexfb atm_023ad9")): Object: 'Object Repository/Page_Airbnb search/span_Add guests_t1dqvypu atm_9s_1ulexfb atm_023ad9' is clicked on

03-10-2024T13:23:50 - [MESSAGE][PASSED] - Object: 'Object Repository/Page_Airbnb search/span_Add guests_t1dqvypu atm_9s_1ulexfb atm_023ad9' is clicked on

03-10-2024T13:23:50 - [TEST_STEP][PASSED] - verifyTextPresent(ExpectedResult, false): Text 'Over 1,000 places in Punjab' is present on page 

03-10-2024T13:23:53 - [MESSAGE][PASSED] - Text 'Over 1,000 places in Punjab' is present on page 

03-10-2024T13:23:53 - [TEST_STEP][PASSED] - closeBrowser(): Browser is closed

03-10-2024T13:23:54 - [MESSAGE][PASSED] - Browser is closed]]></system-out>
         <system-err><![CDATA[]]></system-err>
      </testcase>
      <testcase name="Test Cases/Find a Place" time="11.378" classname="Test Cases/Find a Place" status="PASSED">
         <system-out><![CDATA[03-10-2024T13:23:54 - [TEST_CASE][PASSED] - Test Cases/Find a Place: Test Cases/Find a Place

03-10-2024T13:23:54 - [TEST_STEP][PASSED] - openBrowser(""): Browser is opened with url: ''

03-10-2024T13:23:54 - [MESSAGE][INFO] - Starting 'Chrome' driver

03-10-2024T13:23:54 - [MESSAGE][INFO] - Action delay is set to 0 milliseconds

03-10-2024T13:23:54 - [MESSAGE][PASSED] - Browser is opened with url: ''

03-10-2024T13:23:54 - [TEST_STEP][PASSED] - navigateToUrl("https://www.airbnb.co.in/"): Navigate to 'https://www.airbnb.co.in/' successfully

03-10-2024T13:23:55 - [MESSAGE][PASSED] - Navigate to 'https://www.airbnb.co.in/' successfully

03-10-2024T13:23:55 - [TEST_STEP][PASSED] - setText(findTestObject("Object Repository/Page_Airbnb search/input_Where_query"), City): Text 'Mumbai' is set on object 'Object Repository/Page_Airbnb search/input_Where_query'

03-10-2024T13:23:59 - [MESSAGE][PASSED] - Text 'Mumbai' is set on object 'Object Repository/Page_Airbnb search/input_Where_query'

03-10-2024T13:23:59 - [TEST_STEP][PASSED] - click(findTestObject("Object Repository/Page_Airbnb search/div_Check in")): Object: 'Object Repository/Page_Airbnb search/div_Check in' is clicked on

03-10-2024T13:24:00 - [MESSAGE][PASSED] - Object: 'Object Repository/Page_Airbnb search/div_Check in' is clicked on

03-10-2024T13:24:00 - [TEST_STEP][PASSED] - click(findTestObject("Object Repository/Page_Airbnb search/label_3 days3 days")): Object: 'Object Repository/Page_Airbnb search/label_3 days3 days' is clicked on

03-10-2024T13:24:01 - [MESSAGE][PASSED] - Object: 'Object Repository/Page_Airbnb search/label_3 days3 days' is clicked on

03-10-2024T13:24:01 - [TEST_STEP][PASSED] - click(findTestObject("Object Repository/Page_Airbnb search/span_Add guests_t1dqvypu atm_9s_1ulexfb atm_023ad9")): Object: 'Object Repository/Page_Airbnb search/span_Add guests_t1dqvypu atm_9s_1ulexfb atm_023ad9' is clicked on

03-10-2024T13:24:02 - [MESSAGE][PASSED] - Object: 'Object Repository/Page_Airbnb search/span_Add guests_t1dqvypu atm_9s_1ulexfb atm_023ad9' is clicked on

03-10-2024T13:24:02 - [TEST_STEP][PASSED] - verifyTextPresent(ExpectedResult, false): Text 'Over 1,000 places in Mumbai' is present on page 

03-10-2024T13:24:05 - [MESSAGE][PASSED] - Text 'Over 1,000 places in Mumbai' is present on page 

03-10-2024T13:24:05 - [TEST_STEP][PASSED] - closeBrowser(): Browser is closed

03-10-2024T13:24:05 - [MESSAGE][PASSED] - Browser is closed]]></system-out>
         <system-err><![CDATA[]]></system-err>
      </testcase>
      <system-out><![CDATA[03-10-2024T13:23:26 - [TEST_SUITE][PASSED] - Search Data: Test Cases/Find a Place]]></system-out>
      <system-err><![CDATA[]]></system-err>
   </testsuite>
</testsuites>
