<?xml version="1.0" encoding="UTF-8"?>
<testsuites name="Check" time="4.624" tests="1" failures="0" errors="0">
   <testsuite name="Check" tests="1" failures="0" errors="0" time="4.624" skipped="0" timestamp="19-09-2024T20:56:58" hostname="Rohit Roy - DESKTOP-40FUI3F" id="Test Suites/Check">
      <properties>
         <property name="deviceName" value=""/>
         <property name="devicePlatform"/>
         <property name="logFolder" value="C:\\Users\\Rohit Roy\\git\\Katalon-Project\\Reports\\20240919_205654\\Check\\20240919_205655"/>
         <property name="logFiles" value="C:\\Users\\Rohit Roy\\git\\Katalon-Project\\Reports\\20240919_205654\\Check\\20240919_205655\\execution0.log"/>
         <property name="attachments" value=""/>
         <property name="hostName" value="Rohit Roy - DESKTOP-40FUI3F"/>
         <property name="os" value="Windows 11 64bit"/>
         <property name="katalonVersion" value="9.7.2.223"/>
         <property name="browser" value="Chrome 128.0.0.0"/>
         <property name="hostAddress" value="192.168.29.56"/>
         <property name="sessionId" value="2c1e1df2c0a57627c0ab43e2b36e4ee5"/>
         <property name="seleniumVersion" value="3.141.59"/>
         <property name="proxyInformation" value="ProxyInformation { proxyOption=NO_PROXY, proxyServerType=HTTP, username=, password=********, proxyServerAddress=, proxyServerPort=0, executionList=&quot;&quot;, isApplyToDesiredCapabilities=true }"/>
         <property name="platform" value="Windows 11"/>
      </properties>
      <testcase name="Test Cases/Open Browser" time="4.549" classname="Test Cases/Open Browser" status="PASSED">
         <system-out><![CDATA[19-09-2024T20:56:58 - [TEST_CASE][PASSED] - Test Cases/Open Browser: Test Cases/Open Browser

19-09-2024T20:56:58 - [TEST_STEP][PASSED] - openBrowser(""): Browser is opened with url: ''

19-09-2024T20:56:58 - [MESSAGE][INFO] - Starting 'Chrome' driver

19-09-2024T20:56:58 - [MESSAGE][INFO] - Action delay is set to 0 milliseconds

19-09-2024T20:56:59 - [MESSAGE][PASSED] - Browser is opened with url: ''

19-09-2024T20:56:59 - [TEST_STEP][PASSED] - navigateToUrl("https://katalon-demo-cura.herokuapp.com/"): Navigate to 'https://katalon-demo-cura.herokuapp.com/' successfully

19-09-2024T20:57:02 - [MESSAGE][PASSED] - Navigate to 'https://katalon-demo-cura.herokuapp.com/' successfully

19-09-2024T20:57:02 - [TEST_STEP][PASSED] - closeBrowser(): Browser is closed

19-09-2024T20:57:02 - [MESSAGE][PASSED] - Browser is closed]]></system-out>
         <system-err><![CDATA[]]></system-err>
      </testcase>
      <system-out><![CDATA[19-09-2024T20:56:58 - [TEST_SUITE][PASSED] - Check: Test Cases/Open Browser]]></system-out>
      <system-err><![CDATA[]]></system-err>
   </testsuite>
</testsuites>
