<?xml version="1.0" encoding="UTF-8"?>
<testsuites name="Swagger" time="11.475" tests="1" failures="0" errors="0">
   <testsuite name="Swagger" tests="1" failures="0" errors="0" time="11.475" skipped="0" timestamp="09-10-2024T11:46:28" hostname="Rohit Roy - DESKTOP-40FUI3F" id="Test Suites/Swagger">
      <properties>
         <property name="deviceName" value=""/>
         <property name="devicePlatform"/>
         <property name="logFolder" value="C:\\Users\\Rohit Roy\\git\\Katalon-Project\\Reports\\20241009_114627\\Swagger\\20241009_114627"/>
         <property name="logFiles" value="C:\\Users\\Rohit Roy\\git\\Katalon-Project\\Reports\\20241009_114627\\Swagger\\20241009_114627\\execution0.log"/>
         <property name="attachments" value=""/>
         <property name="hostName" value="Rohit Roy - DESKTOP-40FUI3F"/>
         <property name="os" value="Windows 11 64bit"/>
         <property name="katalonVersion" value="9.7.2.223"/>
         <property name="browser" value="Chrome 129.0.0.0"/>
         <property name="hostAddress" value="192.168.29.56"/>
         <property name="sessionId" value="5960490f6717c9ed9fd3949c55d48189"/>
         <property name="seleniumVersion" value="3.141.59"/>
         <property name="proxyInformation" value="ProxyInformation { proxyOption=NO_PROXY, proxyServerType=HTTP, username=, password=********, proxyServerAddress=, proxyServerPort=0, executionList=&quot;&quot;, isApplyToDesiredCapabilities=true }"/>
         <property name="platform" value="Windows 11"/>
      </properties>
      <testcase name="Test Cases/Swag Labs" time="11.393" classname="Test Cases/Swag Labs" status="PASSED">
         <system-out><![CDATA[09-10-2024T11:46:28 - [TEST_CASE][PASSED] - Test Cases/Swag Labs: Test Cases/Swag Labs

09-10-2024T11:46:29 - [TEST_STEP][PASSED] - openBrowser(""): Browser is opened with url: ''

09-10-2024T11:46:29 - [MESSAGE][INFO] - Starting 'Chrome' driver

09-10-2024T11:46:29 - [MESSAGE][INFO] - Action delay is set to 0 milliseconds

09-10-2024T11:46:30 - [MESSAGE][PASSED] - Browser is opened with url: ''

09-10-2024T11:46:30 - [TEST_STEP][PASSED] - navigateToUrl("https://www.saucedemo.com/v1/"): Navigate to 'https://www.saucedemo.com/v1/' successfully

09-10-2024T11:46:30 - [MESSAGE][PASSED] - Navigate to 'https://www.saucedemo.com/v1/' successfully

09-10-2024T11:46:30 - [TEST_STEP][PASSED] - setText(findTestObject("Object Repository/Page_Swag Labs/input_standard_userlocked_out_userproblem_u_db77ac"), "standard_user"): Text 'standard_user' is set on object 'Object Repository/Page_Swag Labs/input_standard_userlocked_out_userproblem_u_db77ac'

09-10-2024T11:46:31 - [MESSAGE][PASSED] - Text 'standard_user' is set on object 'Object Repository/Page_Swag Labs/input_standard_userlocked_out_userproblem_u_db77ac'

09-10-2024T11:46:31 - [TEST_STEP][PASSED] - setEncryptedText(findTestObject("Object Repository/Page_Swag Labs/input_standard_userlocked_out_userproblem_u_3423e9"), "qcu24s4901FyWDTwXGr6XA=="): Text ****** has been set on object 'Object Repository/Page_Swag Labs/input_standard_userlocked_out_userproblem_u_3423e9'

09-10-2024T11:46:32 - [MESSAGE][PASSED] - Text ****** has been set on object 'Object Repository/Page_Swag Labs/input_standard_userlocked_out_userproblem_u_3423e9'

09-10-2024T11:46:32 - [TEST_STEP][PASSED] - click(findTestObject("Object Repository/Page_Swag Labs/input_standard_userlocked_out_userproblem_u_0dff71")): Object: 'Object Repository/Page_Swag Labs/input_standard_userlocked_out_userproblem_u_0dff71' is clicked on

09-10-2024T11:46:33 - [MESSAGE][PASSED] - Object: 'Object Repository/Page_Swag Labs/input_standard_userlocked_out_userproblem_u_0dff71' is clicked on

09-10-2024T11:46:33 - [TEST_STEP][PASSED] - click(findTestObject("Object Repository/Page_Swag Labs/div_Sauce Labs Backpack")): Object: 'Object Repository/Page_Swag Labs/div_Sauce Labs Backpack' is clicked on

09-10-2024T11:46:33 - [MESSAGE][PASSED] - Object: 'Object Repository/Page_Swag Labs/div_Sauce Labs Backpack' is clicked on

09-10-2024T11:46:33 - [TEST_STEP][PASSED] - click(findTestObject("Object Repository/Page_Swag Labs/button_ADD TO CART")): Object: 'Object Repository/Page_Swag Labs/button_ADD TO CART' is clicked on

09-10-2024T11:46:33 - [MESSAGE][PASSED] - Object: 'Object Repository/Page_Swag Labs/button_ADD TO CART' is clicked on

09-10-2024T11:46:33 - [TEST_STEP][PASSED] - click(findTestObject("Object Repository/Page_Swag Labs/path")): Object: 'Object Repository/Page_Swag Labs/path' is clicked on

09-10-2024T11:46:34 - [MESSAGE][PASSED] - Object: 'Object Repository/Page_Swag Labs/path' is clicked on

09-10-2024T11:46:34 - [TEST_STEP][PASSED] - click(findTestObject("Object Repository/Page_Swag Labs/a_CHECKOUT")): Object: 'Object Repository/Page_Swag Labs/a_CHECKOUT' is clicked on

09-10-2024T11:46:34 - [MESSAGE][PASSED] - Object: 'Object Repository/Page_Swag Labs/a_CHECKOUT' is clicked on

09-10-2024T11:46:34 - [TEST_STEP][PASSED] - setText(findTestObject("Object Repository/Page_Swag Labs/input_Checkout Your Information_first-name"), "t"): Text 't' is set on object 'Object Repository/Page_Swag Labs/input_Checkout Your Information_first-name'

09-10-2024T11:46:35 - [MESSAGE][PASSED] - Text 't' is set on object 'Object Repository/Page_Swag Labs/input_Checkout Your Information_first-name'

09-10-2024T11:46:35 - [TEST_STEP][PASSED] - setText(findTestObject("Object Repository/Page_Swag Labs/input_Checkout Your Information_last-name"), "d"): Text 'd' is set on object 'Object Repository/Page_Swag Labs/input_Checkout Your Information_last-name'

09-10-2024T11:46:36 - [MESSAGE][PASSED] - Text 'd' is set on object 'Object Repository/Page_Swag Labs/input_Checkout Your Information_last-name'

09-10-2024T11:46:36 - [TEST_STEP][PASSED] - setText(findTestObject("Object Repository/Page_Swag Labs/input_Checkout Your Information_postal-code"), "77889"): Text '77889' is set on object 'Object Repository/Page_Swag Labs/input_Checkout Your Information_postal-code'

09-10-2024T11:46:37 - [MESSAGE][PASSED] - Text '77889' is set on object 'Object Repository/Page_Swag Labs/input_Checkout Your Information_postal-code'

09-10-2024T11:46:37 - [TEST_STEP][PASSED] - click(findTestObject("Object Repository/Page_Swag Labs/input_CANCEL_btn_primary cart_button")): Object: 'Object Repository/Page_Swag Labs/input_CANCEL_btn_primary cart_button' is clicked on

09-10-2024T11:46:38 - [MESSAGE][PASSED] - Object: 'Object Repository/Page_Swag Labs/input_CANCEL_btn_primary cart_button' is clicked on

09-10-2024T11:46:38 - [TEST_STEP][PASSED] - click(findTestObject("Object Repository/Page_Swag Labs/a_FINISH")): Object: 'Object Repository/Page_Swag Labs/a_FINISH' is clicked on

09-10-2024T11:46:38 - [MESSAGE][PASSED] - Object: 'Object Repository/Page_Swag Labs/a_FINISH' is clicked on

09-10-2024T11:46:38 - [TEST_STEP][PASSED] - verifyElementText(findTestObject("Object Repository/Page_Swag Labs/h2_THANK YOU FOR YOUR ORDER"), "THANK YOU FOR YOUR ORDER"): Actual text and expected text of test object 'Object Repository/Page_Swag Labs/h2_THANK YOU FOR YOUR ORDER' are matched.

09-10-2024T11:46:39 - [MESSAGE][PASSED] - Actual text and expected text of test object 'Object Repository/Page_Swag Labs/h2_THANK YOU FOR YOUR ORDER' are matched.

09-10-2024T11:46:39 - [TEST_STEP][PASSED] - click(findTestObject("Object Repository/Page_Swag Labs/button_Open Menu")): Object: 'Object Repository/Page_Swag Labs/button_Open Menu' is clicked on

09-10-2024T11:46:39 - [MESSAGE][PASSED] - Object: 'Object Repository/Page_Swag Labs/button_Open Menu' is clicked on

09-10-2024T11:46:39 - [TEST_STEP][PASSED] - click(findTestObject("Object Repository/Page_Swag Labs/a_Logout")): Object: 'Object Repository/Page_Swag Labs/a_Logout' is clicked on

09-10-2024T11:46:40 - [MESSAGE][PASSED] - Object: 'Object Repository/Page_Swag Labs/a_Logout' is clicked on

09-10-2024T11:46:40 - [TEST_STEP][PASSED] - closeBrowser(): Browser is closed

09-10-2024T11:46:40 - [MESSAGE][PASSED] - Browser is closed]]></system-out>
         <system-err><![CDATA[]]></system-err>
      </testcase>
      <system-out><![CDATA[09-10-2024T11:46:28 - [TEST_SUITE][PASSED] - Swagger: Test Cases/Swag Labs]]></system-out>
      <system-err><![CDATA[]]></system-err>
   </testsuite>
</testsuites>
