<?xml version="1.0" encoding="UTF-8"?>
<testsuites name="Variable" time="19.567" tests="1" failures="0" errors="0">
   <testsuite name="Variable" tests="1" failures="0" errors="0" time="19.567" skipped="0" timestamp="02-10-2024T12:47:20" hostname="Rohit Roy - DESKTOP-40FUI3F" id="Test Suites/Variable">
      <properties>
         <property name="deviceName" value=""/>
         <property name="devicePlatform"/>
         <property name="logFolder" value="C:\\Users\\Rohit Roy\\git\\Katalon-Project\\Reports\\20241002_124718\\Variable\\20241002_124718"/>
         <property name="logFiles" value="C:\\Users\\Rohit Roy\\git\\Katalon-Project\\Reports\\20241002_124718\\Variable\\20241002_124718\\execution0.log"/>
         <property name="attachments" value=""/>
         <property name="hostName" value="Rohit Roy - DESKTOP-40FUI3F"/>
         <property name="os" value="Windows 11 64bit"/>
         <property name="katalonVersion" value="9.7.2.223"/>
         <property name="browser" value="Chrome 129.0.0.0"/>
         <property name="hostAddress" value="192.168.29.56"/>
         <property name="sessionId" value="30ac6183601692fecacc2b28fc9d3410"/>
         <property name="seleniumVersion" value="3.141.59"/>
         <property name="proxyInformation" value="ProxyInformation { proxyOption=NO_PROXY, proxyServerType=HTTP, username=, password=********, proxyServerAddress=, proxyServerPort=0, executionList=&quot;&quot;, isApplyToDesiredCapabilities=true }"/>
         <property name="platform" value="Windows 11"/>
      </properties>
      <testcase name="Test Cases/Text form" time="19.477" classname="Test Cases/Text form" status="PASSED">
         <system-out><![CDATA[02-10-2024T12:47:20 - [TEST_CASE][PASSED] - Test Cases/Text form: Test Cases/Text form

02-10-2024T12:47:20 - [TEST_STEP][PASSED] - openBrowser(""): Browser is opened with url: ''

02-10-2024T12:47:20 - [MESSAGE][INFO] - Starting 'Chrome' driver

02-10-2024T12:47:20 - [MESSAGE][INFO] - Action delay is set to 0 milliseconds

02-10-2024T12:47:21 - [MESSAGE][PASSED] - Browser is opened with url: ''

02-10-2024T12:47:21 - [TEST_STEP][PASSED] - navigateToUrl("https://demo.guru99.com/insurance/v1/register.php"): Navigate to 'https://demo.guru99.com/insurance/v1/register.php' successfully

02-10-2024T12:47:23 - [MESSAGE][PASSED] - Navigate to 'https://demo.guru99.com/insurance/v1/register.php' successfully

02-10-2024T12:47:23 - [TEST_STEP][PASSED] - click(findTestObject("Object Repository/Page_Insurance Broker System - Register/input_First name_firstname")): Object: 'Object Repository/Page_Insurance Broker System - Register/input_First name_firstname' is clicked on

02-10-2024T12:47:24 - [MESSAGE][PASSED] - Object: 'Object Repository/Page_Insurance Broker System - Register/input_First name_firstname' is clicked on

02-10-2024T12:47:24 - [TEST_STEP][PASSED] - setText(findTestObject("Object Repository/Page_Insurance Broker System - Register/input_First name_firstname"), FirstName): Text 'Rohit' is set on object 'Object Repository/Page_Insurance Broker System - Register/input_First name_firstname'

02-10-2024T12:47:25 - [MESSAGE][PASSED] - Text 'Rohit' is set on object 'Object Repository/Page_Insurance Broker System - Register/input_First name_firstname'

02-10-2024T12:47:25 - [TEST_STEP][PASSED] - click(findTestObject("Object Repository/Page_Insurance Broker System - Register/input_Surname_lastname")): Object: 'Object Repository/Page_Insurance Broker System - Register/input_Surname_lastname' is clicked on

02-10-2024T12:47:25 - [MESSAGE][PASSED] - Object: 'Object Repository/Page_Insurance Broker System - Register/input_Surname_lastname' is clicked on

02-10-2024T12:47:25 - [TEST_STEP][PASSED] - setText(findTestObject("Object Repository/Page_Insurance Broker System - Register/input_Surname_lastname"), LastName): Text 'Roy' is set on object 'Object Repository/Page_Insurance Broker System - Register/input_Surname_lastname'

02-10-2024T12:47:26 - [MESSAGE][PASSED] - Text 'Roy' is set on object 'Object Repository/Page_Insurance Broker System - Register/input_Surname_lastname'

02-10-2024T12:47:26 - [TEST_STEP][PASSED] - click(findTestObject("Object Repository/Page_Insurance Broker System - Register/input_Phone_phone"), STOP_ON_FAILURE): Object: 'Object Repository/Page_Insurance Broker System - Register/input_Phone_phone' is clicked on

02-10-2024T12:47:26 - [MESSAGE][PASSED] - Object: 'Object Repository/Page_Insurance Broker System - Register/input_Phone_phone' is clicked on

02-10-2024T12:47:26 - [TEST_STEP][PASSED] - setText(findTestObject("Object Repository/Page_Insurance Broker System - Register/input_Phone_phone"), Phone): Text '87598955858' is set on object 'Object Repository/Page_Insurance Broker System - Register/input_Phone_phone'

02-10-2024T12:47:27 - [MESSAGE][PASSED] - Text '87598955858' is set on object 'Object Repository/Page_Insurance Broker System - Register/input_Phone_phone'

02-10-2024T12:47:27 - [TEST_STEP][PASSED] - selectOptionByValue(findTestObject("Object Repository/Page_Insurance Broker System - Register/select_193519361937193819391940194119421943_425311"), "1945", true): All options with value '1945' are selected in object 'Object Repository/Page_Insurance Broker System - Register/select_193519361937193819391940194119421943_425311'  using regular expression

02-10-2024T12:47:28 - [MESSAGE][PASSED] - All options with value '1945' are selected in object 'Object Repository/Page_Insurance Broker System - Register/select_193519361937193819391940194119421943_425311'  using regular expression

02-10-2024T12:47:28 - [TEST_STEP][PASSED] - selectOptionByValue(findTestObject("Object Repository/Page_Insurance Broker System - Register/select_JanuaryFebruaryMarchAprilMayJuneJuly_566629"), "2", true): All options with value '2' are selected in object 'Object Repository/Page_Insurance Broker System - Register/select_JanuaryFebruaryMarchAprilMayJuneJuly_566629'  using regular expression

02-10-2024T12:47:30 - [MESSAGE][PASSED] - All options with value '2' are selected in object 'Object Repository/Page_Insurance Broker System - Register/select_JanuaryFebruaryMarchAprilMayJuneJuly_566629'  using regular expression

02-10-2024T12:47:30 - [TEST_STEP][PASSED] - selectOptionByValue(findTestObject("Object Repository/Page_Insurance Broker System - Register/select_123456789101112131415161718192021222_566da4"), "17", true): All options with value '17' are selected in object 'Object Repository/Page_Insurance Broker System - Register/select_123456789101112131415161718192021222_566da4'  using regular expression

02-10-2024T12:47:31 - [MESSAGE][PASSED] - All options with value '17' are selected in object 'Object Repository/Page_Insurance Broker System - Register/select_123456789101112131415161718192021222_566da4'  using regular expression

02-10-2024T12:47:31 - [TEST_STEP][PASSED] - click(findTestObject("Object Repository/Page_Insurance Broker System - Register/input_Date of Birth_licencetype")): Object: 'Object Repository/Page_Insurance Broker System - Register/input_Date of Birth_licencetype' is clicked on

02-10-2024T12:47:31 - [MESSAGE][PASSED] - Object: 'Object Repository/Page_Insurance Broker System - Register/input_Date of Birth_licencetype' is clicked on

02-10-2024T12:47:31 - [TEST_STEP][PASSED] - click(findTestObject("Object Repository/Page_Insurance Broker System - Register/input_Street_street")): Object: 'Object Repository/Page_Insurance Broker System - Register/input_Street_street' is clicked on

02-10-2024T12:47:32 - [MESSAGE][PASSED] - Object: 'Object Repository/Page_Insurance Broker System - Register/input_Street_street' is clicked on

02-10-2024T12:47:32 - [TEST_STEP][PASSED] - setText(findTestObject("Object Repository/Page_Insurance Broker System - Register/input_Street_street"), Street): Text 'tyyd' is set on object 'Object Repository/Page_Insurance Broker System - Register/input_Street_street'

02-10-2024T12:47:32 - [MESSAGE][PASSED] - Text 'tyyd' is set on object 'Object Repository/Page_Insurance Broker System - Register/input_Street_street'

02-10-2024T12:47:32 - [TEST_STEP][PASSED] - click(findTestObject("Object Repository/Page_Insurance Broker System - Register/input_City_city")): Object: 'Object Repository/Page_Insurance Broker System - Register/input_City_city' is clicked on

02-10-2024T12:47:33 - [MESSAGE][PASSED] - Object: 'Object Repository/Page_Insurance Broker System - Register/input_City_city' is clicked on

02-10-2024T12:47:33 - [TEST_STEP][PASSED] - setText(findTestObject("Object Repository/Page_Insurance Broker System - Register/input_City_city"), City): Text 'sdd' is set on object 'Object Repository/Page_Insurance Broker System - Register/input_City_city'

02-10-2024T12:47:33 - [MESSAGE][PASSED] - Text 'sdd' is set on object 'Object Repository/Page_Insurance Broker System - Register/input_City_city'

02-10-2024T12:47:33 - [TEST_STEP][PASSED] - click(findTestObject("Object Repository/Page_Insurance Broker System - Register/input_County_county")): Object: 'Object Repository/Page_Insurance Broker System - Register/input_County_county' is clicked on

02-10-2024T12:47:33 - [MESSAGE][PASSED] - Object: 'Object Repository/Page_Insurance Broker System - Register/input_County_county' is clicked on

02-10-2024T12:47:33 - [TEST_STEP][PASSED] - setText(findTestObject("Object Repository/Page_Insurance Broker System - Register/input_County_county"), County): Text 'fsdf' is set on object 'Object Repository/Page_Insurance Broker System - Register/input_County_county'

02-10-2024T12:47:34 - [MESSAGE][PASSED] - Text 'fsdf' is set on object 'Object Repository/Page_Insurance Broker System - Register/input_County_county'

02-10-2024T12:47:34 - [TEST_STEP][PASSED] - click(findTestObject("Object Repository/Page_Insurance Broker System - Register/input_Post code_post_code")): Object: 'Object Repository/Page_Insurance Broker System - Register/input_Post code_post_code' is clicked on

02-10-2024T12:47:34 - [MESSAGE][PASSED] - Object: 'Object Repository/Page_Insurance Broker System - Register/input_Post code_post_code' is clicked on

02-10-2024T12:47:34 - [TEST_STEP][PASSED] - setText(findTestObject("Object Repository/Page_Insurance Broker System - Register/input_Post code_post_code"), PostCode): Text '1258' is set on object 'Object Repository/Page_Insurance Broker System - Register/input_Post code_post_code'

02-10-2024T12:47:35 - [MESSAGE][PASSED] - Text '1258' is set on object 'Object Repository/Page_Insurance Broker System - Register/input_Post code_post_code'

02-10-2024T12:47:35 - [TEST_STEP][PASSED] - setText(findTestObject("Object Repository/Page_Insurance Broker System - Register/input_Email_email"), email): Text 'acv@gmail.com' is set on object 'Object Repository/Page_Insurance Broker System - Register/input_Email_email'

02-10-2024T12:47:36 - [MESSAGE][PASSED] - Text 'acv@gmail.com' is set on object 'Object Repository/Page_Insurance Broker System - Register/input_Email_email'

02-10-2024T12:47:36 - [TEST_STEP][PASSED] - click(findTestObject("Object Repository/Page_Insurance Broker System - Register/input_Password_password"), STOP_ON_FAILURE): Object: 'Object Repository/Page_Insurance Broker System - Register/input_Password_password' is clicked on

02-10-2024T12:47:36 - [MESSAGE][PASSED] - Object: 'Object Repository/Page_Insurance Broker System - Register/input_Password_password' is clicked on

02-10-2024T12:47:36 - [TEST_STEP][PASSED] - setText(findTestObject("Object Repository/Page_Insurance Broker System - Register/input_Password_password"), password): Text '123456' is set on object 'Object Repository/Page_Insurance Broker System - Register/input_Password_password'

02-10-2024T12:47:37 - [MESSAGE][PASSED] - Text '123456' is set on object 'Object Repository/Page_Insurance Broker System - Register/input_Password_password'

02-10-2024T12:47:37 - [TEST_STEP][PASSED] - click(findTestObject("Object Repository/Page_Insurance Broker System - Register/input_Confirm password_c_password"), STOP_ON_FAILURE): Object: 'Object Repository/Page_Insurance Broker System - Register/input_Confirm password_c_password' is clicked on

02-10-2024T12:47:37 - [MESSAGE][PASSED] - Object: 'Object Repository/Page_Insurance Broker System - Register/input_Confirm password_c_password' is clicked on

02-10-2024T12:47:37 - [TEST_STEP][PASSED] - setText(findTestObject("Object Repository/Page_Insurance Broker System - Register/input_Confirm password_c_password"), confrim): Text '123456' is set on object 'Object Repository/Page_Insurance Broker System - Register/input_Confirm password_c_password'

02-10-2024T12:47:38 - [MESSAGE][PASSED] - Text '123456' is set on object 'Object Repository/Page_Insurance Broker System - Register/input_Confirm password_c_password'

02-10-2024T12:47:38 - [TEST_STEP][PASSED] - click(findTestObject("Object Repository/Page_Insurance Broker System - Register/input_Confirm password_submit")): Object: 'Object Repository/Page_Insurance Broker System - Register/input_Confirm password_submit' is clicked on

02-10-2024T12:47:39 - [MESSAGE][PASSED] - Object: 'Object Repository/Page_Insurance Broker System - Register/input_Confirm password_submit' is clicked on

02-10-2024T12:47:39 - [TEST_STEP][PASSED] - closeBrowser(): Browser is closed

02-10-2024T12:47:39 - [MESSAGE][PASSED] - Browser is closed]]></system-out>
         <system-err><![CDATA[]]></system-err>
      </testcase>
      <system-out><![CDATA[02-10-2024T12:47:20 - [TEST_SUITE][PASSED] - Variable: Test Cases/Text form]]></system-out>
      <system-err><![CDATA[]]></system-err>
   </testsuite>
</testsuites>
