<?xml version="1.0" encoding="UTF-8"?>
<testsuites name="Test Suite Collection" time="12.266" tests="3" failures="0" errors="0">
   <testsuite name="Check" tests="2" failures="0" errors="0" time="8.222" skipped="0" timestamp="22-09-2024T15:56:12" hostname="Rohit Roy - DESKTOP-40FUI3F" id="Test Suites/Check">
      <properties>
         <property name="deviceName" value=""/>
         <property name="devicePlatform"/>
         <property name="logFolder" value="C:\\Users\\Rohit Roy\\git\\Katalon-Project\\Reports\\20240922_155605\\Check\\20240922_155606"/>
         <property name="logFiles" value="C:\\Users\\Rohit Roy\\git\\Katalon-Project\\Reports\\20240922_155605\\Check\\20240922_155606\\execution0.log"/>
         <property name="attachments" value=""/>
         <property name="hostName" value="Rohit Roy - DESKTOP-40FUI3F"/>
         <property name="os" value="Windows 11 64bit"/>
         <property name="katalonVersion" value="9.7.2.223"/>
         <property name="browser" value="Chrome 128.0.0.0"/>
         <property name="hostAddress" value="192.168.29.56"/>
         <property name="sessionId" value="06ad97894c7562718ff6b5c698a97cfb"/>
         <property name="seleniumVersion" value="3.141.59"/>
         <property name="proxyInformation" value="ProxyInformation { proxyOption=NO_PROXY, proxyServerType=HTTP, username=, password=********, proxyServerAddress=, proxyServerPort=0, executionList=&quot;&quot;, isApplyToDesiredCapabilities=true }"/>
         <property name="platform" value="Windows 11"/>
      </properties>
      <testcase name="Test Cases/Open Browser" time="4.361" classname="Test Cases/Open Browser" status="PASSED">
         <system-out><![CDATA[22-09-2024T15:56:12 - [TEST_CASE][PASSED] - Test Cases/Open Browser: Test Cases/Open Browser

22-09-2024T15:56:12 - [TEST_STEP][PASSED] - openBrowser(""): Browser is opened with url: ''

22-09-2024T15:56:12 - [MESSAGE][INFO] - Starting 'Chrome' driver

22-09-2024T15:56:12 - [MESSAGE][INFO] - Action delay is set to 0 milliseconds

22-09-2024T15:56:13 - [MESSAGE][PASSED] - Browser is opened with url: ''

22-09-2024T15:56:13 - [TEST_STEP][PASSED] - navigateToUrl("https://katalon-demo-cura.herokuapp.com/"): Navigate to 'https://katalon-demo-cura.herokuapp.com/' successfully

22-09-2024T15:56:16 - [MESSAGE][PASSED] - Navigate to 'https://katalon-demo-cura.herokuapp.com/' successfully]]></system-out>
         <system-err><![CDATA[]]></system-err>
      </testcase>
      <testcase name="Test Cases/Close" time="3.73" classname="Test Cases/Close" status="PASSED">
         <system-out><![CDATA[22-09-2024T15:56:16 - [TEST_CASE][PASSED] - Test Cases/Close: Test Cases/Close

22-09-2024T15:56:16 - [TEST_STEP][PASSED] - callTestCase(findTestCase("Open Browser"), [:], STOP_ON_FAILURE): Call Test Case 'Test Cases/Open Browser' successfully

22-09-2024T15:56:16 - [TEST_CASE][PASSED] - Test Cases/Open Browser: Test Cases/Open Browser

22-09-2024T15:56:16 - [TEST_STEP][PASSED] - openBrowser(""): Browser is opened with url: ''

22-09-2024T15:56:16 - [MESSAGE][WARNING] - A browser is already opened. Closing browser and opening a new one

22-09-2024T15:56:16 - [MESSAGE][INFO] - Starting 'Chrome' driver

22-09-2024T15:56:16 - [MESSAGE][INFO] - Action delay is set to 0 milliseconds

22-09-2024T15:56:17 - [MESSAGE][PASSED] - Browser is opened with url: ''

22-09-2024T15:56:17 - [TEST_STEP][PASSED] - navigateToUrl("https://katalon-demo-cura.herokuapp.com/"): Navigate to 'https://katalon-demo-cura.herokuapp.com/' successfully

22-09-2024T15:56:20 - [MESSAGE][PASSED] - Navigate to 'https://katalon-demo-cura.herokuapp.com/' successfully

22-09-2024T15:56:20 - [MESSAGE][PASSED] - Call Test Case 'Test Cases/Open Browser' successfully

22-09-2024T15:56:20 - [TEST_STEP][PASSED] - closeBrowser(): Browser is closed

22-09-2024T15:56:20 - [MESSAGE][PASSED] - Browser is closed]]></system-out>
         <system-err><![CDATA[]]></system-err>
      </testcase>
      <system-out><![CDATA[22-09-2024T15:56:12 - [TEST_SUITE][PASSED] - Check: Test Cases/Close]]></system-out>
      <system-err><![CDATA[]]></system-err>
   </testsuite>
   <testsuite name="Check Login Logout" tests="1" failures="0" errors="0" time="9.637" skipped="0" timestamp="22-09-2024T15:56:12" hostname="Rohit Roy - DESKTOP-40FUI3F" id="Test Suites/Check Login Logout">
      <properties>
         <property name="deviceName" value=""/>
         <property name="devicePlatform"/>
         <property name="logFolder" value="C:\\Users\\Rohit Roy\\git\\Katalon-Project\\Reports\\20240922_155605\\Check Login Logout\\20240922_155608"/>
         <property name="logFiles" value="C:\\Users\\Rohit Roy\\git\\Katalon-Project\\Reports\\20240922_155605\\Check Login Logout\\20240922_155608\\execution0.log"/>
         <property name="attachments" value=""/>
         <property name="hostName" value="Rohit Roy - DESKTOP-40FUI3F"/>
         <property name="os" value="Windows 11 64bit"/>
         <property name="katalonVersion" value="9.7.2.223"/>
         <property name="browser" value="Chrome 128.0.0.0"/>
         <property name="hostAddress" value="192.168.29.56"/>
         <property name="sessionId" value="e6036bc9042673a25a9fe340fb19a457"/>
         <property name="seleniumVersion" value="3.141.59"/>
         <property name="proxyInformation" value="ProxyInformation { proxyOption=NO_PROXY, proxyServerType=HTTP, username=, password=********, proxyServerAddress=, proxyServerPort=0, executionList=&quot;&quot;, isApplyToDesiredCapabilities=true }"/>
         <property name="platform" value="Windows 11"/>
      </properties>
      <testcase name="Test Cases/Login" time="9.527" classname="Test Cases/Login" status="PASSED">
         <system-out><![CDATA[22-09-2024T15:56:12 - [TEST_CASE][PASSED] - Test Cases/Login: Test Cases/Login

22-09-2024T15:56:12 - [TEST_STEP][PASSED] - openBrowser(""): Browser is opened with url: ''

22-09-2024T15:56:12 - [MESSAGE][INFO] - Starting 'Chrome' driver

22-09-2024T15:56:12 - [MESSAGE][INFO] - Action delay is set to 0 milliseconds

22-09-2024T15:56:13 - [MESSAGE][PASSED] - Browser is opened with url: ''

22-09-2024T15:56:13 - [TEST_STEP][PASSED] - navigateToUrl("https://katalon-demo-cura.herokuapp.com/"): Navigate to 'https://katalon-demo-cura.herokuapp.com/' successfully

22-09-2024T15:56:16 - [MESSAGE][PASSED] - Navigate to 'https://katalon-demo-cura.herokuapp.com/' successfully

22-09-2024T15:56:16 - [TEST_STEP][PASSED] - click(findTestObject("Object Repository/Page_CURA Healthcare Service/a_Make Appointment")): Object: 'Object Repository/Page_CURA Healthcare Service/a_Make Appointment' is clicked on

22-09-2024T15:56:17 - [MESSAGE][PASSED] - Object: 'Object Repository/Page_CURA Healthcare Service/a_Make Appointment' is clicked on

22-09-2024T15:56:17 - [TEST_STEP][PASSED] - setText(findTestObject("Object Repository/Page_CURA Healthcare Service/input_Username_username"), "John Doe"): Text 'John Doe' is set on object 'Object Repository/Page_CURA Healthcare Service/input_Username_username'

22-09-2024T15:56:18 - [MESSAGE][PASSED] - Text 'John Doe' is set on object 'Object Repository/Page_CURA Healthcare Service/input_Username_username'

22-09-2024T15:56:18 - [TEST_STEP][PASSED] - setEncryptedText(findTestObject("Object Repository/Page_CURA Healthcare Service/input_Password_password"), "g3/DOGG74jC3Flrr3yH+3D/yKbOqqUNM"): Text ****** has been set on object 'Object Repository/Page_CURA Healthcare Service/input_Password_password'

22-09-2024T15:56:18 - [MESSAGE][PASSED] - Text ****** has been set on object 'Object Repository/Page_CURA Healthcare Service/input_Password_password'

22-09-2024T15:56:18 - [TEST_STEP][PASSED] - verifyElementPresent(findTestObject("Object Repository/Page_CURA Healthcare Service/button_Login"), 0): Object 'Object Repository/Page_CURA Healthcare Service/button_Login' is present

22-09-2024T15:56:18 - [MESSAGE][WARNING] - Timeout '0' is invalid. Using default page load timeout: '30'

22-09-2024T15:56:18 - [MESSAGE][PASSED] - Object 'Object Repository/Page_CURA Healthcare Service/button_Login' is present

22-09-2024T15:56:18 - [TEST_STEP][PASSED] - click(findTestObject("Object Repository/Page_CURA Healthcare Service/button_Login")): Object: 'Object Repository/Page_CURA Healthcare Service/button_Login' is clicked on

22-09-2024T15:56:19 - [MESSAGE][PASSED] - Object: 'Object Repository/Page_CURA Healthcare Service/button_Login' is clicked on

22-09-2024T15:56:19 - [TEST_STEP][PASSED] - verifyElementPresent(findTestObject("Object Repository/Page_CURA Healthcare Service/a_CURA Healthcare_menu-toggle"), 0): Object 'Object Repository/Page_CURA Healthcare Service/a_CURA Healthcare_menu-toggle' is present

22-09-2024T15:56:19 - [MESSAGE][WARNING] - Timeout '0' is invalid. Using default page load timeout: '30'

22-09-2024T15:56:20 - [MESSAGE][PASSED] - Object 'Object Repository/Page_CURA Healthcare Service/a_CURA Healthcare_menu-toggle' is present

22-09-2024T15:56:20 - [TEST_STEP][PASSED] - click(findTestObject("Object Repository/Page_CURA Healthcare Service/a_CURA Healthcare_menu-toggle")): Object: 'Object Repository/Page_CURA Healthcare Service/a_CURA Healthcare_menu-toggle' is clicked on

22-09-2024T15:56:20 - [MESSAGE][PASSED] - Object: 'Object Repository/Page_CURA Healthcare Service/a_CURA Healthcare_menu-toggle' is clicked on

22-09-2024T15:56:20 - [TEST_STEP][PASSED] - verifyElementPresent(findTestObject("Object Repository/Page_CURA Healthcare Service/a_Logout"), 0): Object 'Object Repository/Page_CURA Healthcare Service/a_Logout' is present

22-09-2024T15:56:20 - [MESSAGE][WARNING] - Timeout '0' is invalid. Using default page load timeout: '30'

22-09-2024T15:56:20 - [MESSAGE][PASSED] - Object 'Object Repository/Page_CURA Healthcare Service/a_Logout' is present

22-09-2024T15:56:20 - [TEST_STEP][PASSED] - click(findTestObject("Object Repository/Page_CURA Healthcare Service/a_Logout")): Object: 'Object Repository/Page_CURA Healthcare Service/a_Logout' is clicked on

22-09-2024T15:56:21 - [MESSAGE][PASSED] - Object: 'Object Repository/Page_CURA Healthcare Service/a_Logout' is clicked on

22-09-2024T15:56:21 - [TEST_STEP][PASSED] - closeBrowser(): Browser is closed

22-09-2024T15:56:21 - [MESSAGE][PASSED] - Browser is closed]]></system-out>
         <system-err><![CDATA[]]></system-err>
      </testcase>
      <system-out><![CDATA[22-09-2024T15:56:12 - [TEST_SUITE][PASSED] - Check Login Logout: Test Cases/Login]]></system-out>
      <system-err><![CDATA[]]></system-err>
   </testsuite>
</testsuites>
