<?xml version="1.0" encoding="UTF-8"?>
<testsuites name="DragDrop" time="4.36" tests="1" failures="0" errors="0">
   <testsuite name="DragDrop" tests="1" failures="0" errors="0" time="4.36" skipped="0" timestamp="09-10-2024T10:21:03" hostname="Rohit Roy - DESKTOP-40FUI3F" id="Test Suites/DragDrop">
      <properties>
         <property name="deviceName" value=""/>
         <property name="devicePlatform"/>
         <property name="logFolder" value="C:\\Users\\Rohit Roy\\git\\Katalon-Project\\Reports\\20241009_102102\\DragDrop\\20241009_102102"/>
         <property name="logFiles" value="C:\\Users\\Rohit Roy\\git\\Katalon-Project\\Reports\\20241009_102102\\DragDrop\\20241009_102102\\execution0.log"/>
         <property name="attachments" value=""/>
         <property name="hostName" value="Rohit Roy - DESKTOP-40FUI3F"/>
         <property name="os" value="Windows 11 64bit"/>
         <property name="katalonVersion" value="9.7.2.223"/>
         <property name="browser" value="Chrome 129.0.0.0"/>
         <property name="hostAddress" value="192.168.29.56"/>
         <property name="sessionId" value="15da9996e70e1df6ce51756a171f6876"/>
         <property name="seleniumVersion" value="3.141.59"/>
         <property name="proxyInformation" value="ProxyInformation { proxyOption=NO_PROXY, proxyServerType=HTTP, username=, password=********, proxyServerAddress=, proxyServerPort=0, executionList=&quot;&quot;, isApplyToDesiredCapabilities=true }"/>
         <property name="platform" value="Windows 11"/>
      </properties>
      <testcase name="Test Cases/Drag" time="4.281" classname="Test Cases/Drag" status="PASSED">
         <system-out><![CDATA[09-10-2024T10:21:04 - [TEST_CASE][PASSED] - Test Cases/Drag: Test Cases/Drag

09-10-2024T10:21:04 - [TEST_STEP][PASSED] - openBrowser(""): Browser is opened with url: ''

09-10-2024T10:21:04 - [MESSAGE][INFO] - Starting 'Chrome' driver

09-10-2024T10:21:04 - [MESSAGE][INFO] - Action delay is set to 0 milliseconds

09-10-2024T10:21:05 - [MESSAGE][PASSED] - Browser is opened with url: ''

09-10-2024T10:21:05 - [TEST_STEP][PASSED] - navigateToUrl("https://www.tutorialspoint.com/selenium/practice/droppable.php"): Navigate to 'https://www.tutorialspoint.com/selenium/practice/droppable.php' successfully

09-10-2024T10:21:06 - [MESSAGE][PASSED] - Navigate to 'https://www.tutorialspoint.com/selenium/practice/droppable.php' successfully

09-10-2024T10:21:06 - [TEST_STEP][PASSED] - dragAndDropToObject(findTestObject("Page_Selenium Practice - Droppable/div_Drag me to my target"), findTestObject("Page_Selenium Practice - Droppable/div_Drop here")): Dragged object with id 'Object Repository/Page_Selenium Practice - Droppable/div_Drag me to my target' to object with id 'TestObject - 'Object Repository/Page_Selenium Practice - Droppable/div_Drop here'' successfully

09-10-2024T10:21:08 - [MESSAGE][PASSED] - Dragged object with id 'Object Repository/Page_Selenium Practice - Droppable/div_Drag me to my target' to object with id 'TestObject - 'Object Repository/Page_Selenium Practice - Droppable/div_Drop here'' successfully

09-10-2024T10:21:08 - [TEST_STEP][PASSED] - closeBrowser(): Browser is closed

09-10-2024T10:21:08 - [MESSAGE][PASSED] - Browser is closed]]></system-out>
         <system-err><![CDATA[]]></system-err>
      </testcase>
      <system-out><![CDATA[09-10-2024T10:21:03 - [TEST_SUITE][PASSED] - DragDrop: Test Cases/Drag]]></system-out>
      <system-err><![CDATA[]]></system-err>
   </testsuite>
</testsuites>
