<?xml version="1.0" encoding="UTF-8"?>
<testsuites name="Self-Heal Xpath" time="11.597" tests="1" failures="0" errors="0">
   <testsuite name="Self-Heal Xpath" tests="1" failures="0" errors="0" time="11.597" skipped="0" timestamp="28-09-2024T14:05:28" hostname="Rohit Roy - DESKTOP-40FUI3F" id="Test Suites/Self-Heal Xpath">
      <properties>
         <property name="deviceName" value=""/>
         <property name="devicePlatform"/>
         <property name="logFolder" value="C:\\Users\\Rohit Roy\\git\\Katalon-Project\\Reports\\20240928_140521\\Self-Heal Xpath\\20240928_140522"/>
         <property name="logFiles" value="C:\\Users\\Rohit Roy\\git\\Katalon-Project\\Reports\\20240928_140521\\Self-Heal Xpath\\20240928_140522\\execution0.log"/>
         <property name="attachments" value=""/>
         <property name="hostName" value="Rohit Roy - DESKTOP-40FUI3F"/>
         <property name="os" value="Windows 11 64bit"/>
         <property name="katalonVersion" value="9.7.2.223"/>
         <property name="browser" value="Chrome 129.0.0.0"/>
         <property name="hostAddress" value="192.168.29.56"/>
         <property name="sessionId" value="2315ab85c01243244e0bce99adb3939b"/>
         <property name="seleniumVersion" value="3.141.59"/>
         <property name="proxyInformation" value="ProxyInformation { proxyOption=NO_PROXY, proxyServerType=HTTP, username=, password=********, proxyServerAddress=, proxyServerPort=0, executionList=&quot;&quot;, isApplyToDesiredCapabilities=true }"/>
         <property name="platform" value="Windows 11"/>
      </properties>
      <testcase name="Test Cases/Self-Heal Using Xpath" time="11.484" classname="Test Cases/Self-Heal Using Xpath" status="PASSED">
         <system-out><![CDATA[28-09-2024T14:05:28 - [TEST_CASE][PASSED] - Test Cases/Self-Heal Using Xpath: Test Cases/Self-Heal Using Xpath

28-09-2024T14:05:28 - [TEST_STEP][PASSED] - openBrowser(""): Browser is opened with url: ''

28-09-2024T14:05:28 - [MESSAGE][INFO] - Starting 'Chrome' driver

28-09-2024T14:05:28 - [MESSAGE][INFO] - Action delay is set to 0 milliseconds

28-09-2024T14:05:29 - [MESSAGE][PASSED] - Browser is opened with url: ''

28-09-2024T14:05:29 - [TEST_STEP][PASSED] - navigateToUrl("https://katalon-demo-cura.herokuapp.com/"): Navigate to 'https://katalon-demo-cura.herokuapp.com/' successfully

28-09-2024T14:05:34 - [MESSAGE][PASSED] - Navigate to 'https://katalon-demo-cura.herokuapp.com/' successfully

28-09-2024T14:05:34 - [TEST_STEP][PASSED] - click(findTestObject("Object Repository/Page_CURA Healthcare Service/a_Make Appointment (1)")): Object: 'Object Repository/Page_CURA Healthcare Service/a_Make Appointment (1)' is clicked on

28-09-2024T14:05:36 - [MESSAGE][PASSED] - Object: 'Object Repository/Page_CURA Healthcare Service/a_Make Appointment (1)' is clicked on

28-09-2024T14:05:36 - [TEST_STEP][PASSED] - setText(findTestObject("Object Repository/Page_CURA Healthcare Service/input_Username_username (1)"), "John Doe"): Text 'John Doe' is set on object 'Object Repository/Page_CURA Healthcare Service/input_Username_username (1)'

28-09-2024T14:05:36 - [MESSAGE][PASSED] - Text 'John Doe' is set on object 'Object Repository/Page_CURA Healthcare Service/input_Username_username (1)'

28-09-2024T14:05:36 - [TEST_STEP][PASSED] - setEncryptedText(findTestObject("Object Repository/Page_CURA Healthcare Service/input_Password_password (1)"), "g3/DOGG74jC3Flrr3yH+3D/yKbOqqUNM"): Text ****** has been set on object 'Object Repository/Page_CURA Healthcare Service/input_Password_password (1)'

28-09-2024T14:05:37 - [MESSAGE][PASSED] - Text ****** has been set on object 'Object Repository/Page_CURA Healthcare Service/input_Password_password (1)'

28-09-2024T14:05:37 - [TEST_STEP][PASSED] - click(findTestObject("Object Repository/Page_CURA Healthcare Service/button_Login (1)")): Object: 'Object Repository/Page_CURA Healthcare Service/button_Login (1)' is clicked on

28-09-2024T14:05:38 - [MESSAGE][PASSED] - Object: 'Object Repository/Page_CURA Healthcare Service/button_Login (1)' is clicked on

28-09-2024T14:05:38 - [TEST_STEP][PASSED] - click(findTestObject("Object Repository/Page_CURA Healthcare Service/a_CURA Healthcare_menu-toggle (1)")): Object: 'Object Repository/Page_CURA Healthcare Service/a_CURA Healthcare_menu-toggle (1)' is clicked on

28-09-2024T14:05:38 - [MESSAGE][PASSED] - Object: 'Object Repository/Page_CURA Healthcare Service/a_CURA Healthcare_menu-toggle (1)' is clicked on

28-09-2024T14:05:38 - [TEST_STEP][PASSED] - click(findTestObject("Object Repository/Page_CURA Healthcare Service/a_Logout (1)")): Object: 'Object Repository/Page_CURA Healthcare Service/a_Logout (1)' is clicked on

28-09-2024T14:05:39 - [MESSAGE][PASSED] - Object: 'Object Repository/Page_CURA Healthcare Service/a_Logout (1)' is clicked on

28-09-2024T14:05:39 - [TEST_STEP][PASSED] - closeBrowser(): Browser is closed

28-09-2024T14:05:39 - [MESSAGE][PASSED] - Browser is closed]]></system-out>
         <system-err><![CDATA[]]></system-err>
      </testcase>
      <system-out><![CDATA[28-09-2024T14:05:28 - [TEST_SUITE][PASSED] - Self-Heal Xpath: Test Cases/Self-Heal Using Xpath]]></system-out>
      <system-err><![CDATA[]]></system-err>
   </testsuite>
</testsuites>
