<?xml version="1.0" encoding="UTF-8"?>
<testsuites name="Login" time="14.251" tests="1" failures="0" errors="0">
   <testsuite name="Login" tests="1" failures="0" errors="0" time="14.251" skipped="0" timestamp="20-09-2024T08:43:40" hostname="Rohit Roy - DESKTOP-40FUI3F" id="Test Suites/Login">
      <properties>
         <property name="deviceName" value=""/>
         <property name="devicePlatform"/>
         <property name="logFolder" value="C:\\Users\\Rohit Roy\\git\\Katalon-Project\\Reports\\20240920_084337\\Login\\20240920_084338"/>
         <property name="logFiles" value="C:\\Users\\Rohit Roy\\git\\Katalon-Project\\Reports\\20240920_084337\\Login\\20240920_084338\\execution0.log"/>
         <property name="attachments" value=""/>
         <property name="hostName" value="Rohit Roy - DESKTOP-40FUI3F"/>
         <property name="os" value="Windows 11 64bit"/>
         <property name="katalonVersion" value="9.7.2.223"/>
         <property name="browser" value="Chrome 128.0.0.0"/>
         <property name="hostAddress" value="192.168.29.56"/>
         <property name="sessionId" value="09a0477175b976d56a9dfae4afa40e5c"/>
         <property name="seleniumVersion" value="3.141.59"/>
         <property name="proxyInformation" value="ProxyInformation { proxyOption=NO_PROXY, proxyServerType=HTTP, username=, password=********, proxyServerAddress=, proxyServerPort=0, executionList=&quot;&quot;, isApplyToDesiredCapabilities=true }"/>
         <property name="platform" value="Windows 11"/>
      </properties>
      <testcase name="Test Cases/Login" time="14.174" classname="Test Cases/Login" status="PASSED">
         <system-out><![CDATA[20-09-2024T08:43:40 - [TEST_CASE][PASSED] - Test Cases/Login: Test Cases/Login

20-09-2024T08:43:40 - [TEST_STEP][PASSED] - openBrowser(""): Browser is opened with url: ''

20-09-2024T08:43:41 - [MESSAGE][INFO] - Starting 'Chrome' driver

20-09-2024T08:43:41 - [MESSAGE][INFO] - Action delay is set to 0 milliseconds

20-09-2024T08:43:42 - [MESSAGE][PASSED] - Browser is opened with url: ''

20-09-2024T08:43:42 - [TEST_STEP][PASSED] - navigateToUrl("https://katalon-demo-cura.herokuapp.com/"): Navigate to 'https://katalon-demo-cura.herokuapp.com/' successfully

20-09-2024T08:43:45 - [MESSAGE][PASSED] - Navigate to 'https://katalon-demo-cura.herokuapp.com/' successfully

20-09-2024T08:43:45 - [TEST_STEP][PASSED] - click(findTestObject("Object Repository/Page_CURA Healthcare Service/a_Make Appointment")): Object: 'Object Repository/Page_CURA Healthcare Service/a_Make Appointment' is clicked on

20-09-2024T08:43:46 - [MESSAGE][PASSED] - Object: 'Object Repository/Page_CURA Healthcare Service/a_Make Appointment' is clicked on

20-09-2024T08:43:46 - [TEST_STEP][PASSED] - setText(findTestObject("Object Repository/Page_CURA Healthcare Service/input_Username_username"), "John Doe"): Text 'John Doe' is set on object 'Object Repository/Page_CURA Healthcare Service/input_Username_username'

20-09-2024T08:43:46 - [MESSAGE][PASSED] - Text 'John Doe' is set on object 'Object Repository/Page_CURA Healthcare Service/input_Username_username'

20-09-2024T08:43:46 - [TEST_STEP][PASSED] - setEncryptedText(findTestObject("Object Repository/Page_CURA Healthcare Service/input_Password_password"), "g3/DOGG74jC3Flrr3yH+3D/yKbOqqUNM"): Text ****** has been set on object 'Object Repository/Page_CURA Healthcare Service/input_Password_password'

20-09-2024T08:43:47 - [MESSAGE][PASSED] - Text ****** has been set on object 'Object Repository/Page_CURA Healthcare Service/input_Password_password'

20-09-2024T08:43:47 - [TEST_STEP][PASSED] - click(findTestObject("Object Repository/Page_CURA Healthcare Service/button_Login")): Object: 'Object Repository/Page_CURA Healthcare Service/button_Login' is clicked on

20-09-2024T08:43:48 - [MESSAGE][PASSED] - Object: 'Object Repository/Page_CURA Healthcare Service/button_Login' is clicked on

20-09-2024T08:43:48 - [TEST_STEP][PASSED] - selectOptionByValue(findTestObject("Object Repository/Page_CURA Healthcare Service/select_Tokyo CURA Healthcare Center        _5b4107"), "Hongkong CURA Healthcare Center", true): All options with value 'Hongkong CURA Healthcare Center' are selected in object 'Object Repository/Page_CURA Healthcare Service/select_Tokyo CURA Healthcare Center        _5b4107'  using regular expression

20-09-2024T08:43:49 - [MESSAGE][PASSED] - All options with value 'Hongkong CURA Healthcare Center' are selected in object 'Object Repository/Page_CURA Healthcare Service/select_Tokyo CURA Healthcare Center        _5b4107'  using regular expression

20-09-2024T08:43:49 - [TEST_STEP][PASSED] - click(findTestObject("Object Repository/Page_CURA Healthcare Service/label_Apply for hospital readmission")): Object: 'Object Repository/Page_CURA Healthcare Service/label_Apply for hospital readmission' is clicked on

20-09-2024T08:43:50 - [MESSAGE][PASSED] - Object: 'Object Repository/Page_CURA Healthcare Service/label_Apply for hospital readmission' is clicked on

20-09-2024T08:43:50 - [TEST_STEP][PASSED] - click(findTestObject("Object Repository/Page_CURA Healthcare Service/label_Medicaid")): Object: 'Object Repository/Page_CURA Healthcare Service/label_Medicaid' is clicked on

20-09-2024T08:43:50 - [MESSAGE][PASSED] - Object: 'Object Repository/Page_CURA Healthcare Service/label_Medicaid' is clicked on

20-09-2024T08:43:50 - [TEST_STEP][PASSED] - click(findTestObject("Object Repository/Page_CURA Healthcare Service/div_Visit Date (Required)_input-group-addon")): Object: 'Object Repository/Page_CURA Healthcare Service/div_Visit Date (Required)_input-group-addon' is clicked on

20-09-2024T08:43:50 - [MESSAGE][PASSED] - Object: 'Object Repository/Page_CURA Healthcare Service/div_Visit Date (Required)_input-group-addon' is clicked on

20-09-2024T08:43:50 - [TEST_STEP][PASSED] - click(findTestObject("Object Repository/Page_CURA Healthcare Service/td_25")): Object: 'Object Repository/Page_CURA Healthcare Service/td_25' is clicked on

20-09-2024T08:43:51 - [MESSAGE][PASSED] - Object: 'Object Repository/Page_CURA Healthcare Service/td_25' is clicked on

20-09-2024T08:43:51 - [TEST_STEP][PASSED] - setText(findTestObject("Object Repository/Page_CURA Healthcare Service/textarea_Comment_comment"), "g"): Text 'g' is set on object 'Object Repository/Page_CURA Healthcare Service/textarea_Comment_comment'

20-09-2024T08:43:52 - [MESSAGE][PASSED] - Text 'g' is set on object 'Object Repository/Page_CURA Healthcare Service/textarea_Comment_comment'

20-09-2024T08:43:52 - [TEST_STEP][PASSED] - verifyElementPresent(findTestObject("Object Repository/Page_CURA Healthcare Service/button_Book Appointment"), 0): Object 'Object Repository/Page_CURA Healthcare Service/button_Book Appointment' is present

20-09-2024T08:43:52 - [MESSAGE][WARNING] - Timeout '0' is invalid. Using default page load timeout: '30'

20-09-2024T08:43:52 - [MESSAGE][PASSED] - Object 'Object Repository/Page_CURA Healthcare Service/button_Book Appointment' is present

20-09-2024T08:43:52 - [TEST_STEP][PASSED] - click(findTestObject("Object Repository/Page_CURA Healthcare Service/button_Book Appointment")): Object: 'Object Repository/Page_CURA Healthcare Service/button_Book Appointment' is clicked on

20-09-2024T08:43:53 - [MESSAGE][PASSED] - Object: 'Object Repository/Page_CURA Healthcare Service/button_Book Appointment' is clicked on

20-09-2024T08:43:53 - [TEST_STEP][PASSED] - verifyElementText(findTestObject("Object Repository/Page_CURA Healthcare Service/p_Hongkong CURA Healthcare Center"), "Hongkong CURA Healthcare Center"): Actual text and expected text of test object 'Object Repository/Page_CURA Healthcare Service/p_Hongkong CURA Healthcare Center' are matched.

20-09-2024T08:43:54 - [MESSAGE][PASSED] - Actual text and expected text of test object 'Object Repository/Page_CURA Healthcare Service/p_Hongkong CURA Healthcare Center' are matched.

20-09-2024T08:43:54 - [TEST_STEP][PASSED] - click(findTestObject("Object Repository/Page_CURA Healthcare Service/a_Go to Homepage")): Object: 'Object Repository/Page_CURA Healthcare Service/a_Go to Homepage' is clicked on

20-09-2024T08:43:54 - [MESSAGE][PASSED] - Object: 'Object Repository/Page_CURA Healthcare Service/a_Go to Homepage' is clicked on

20-09-2024T08:43:54 - [TEST_STEP][PASSED] - closeBrowser(): Browser is closed

20-09-2024T08:43:54 - [MESSAGE][PASSED] - Browser is closed]]></system-out>
         <system-err><![CDATA[]]></system-err>
      </testcase>
      <system-out><![CDATA[20-09-2024T08:43:40 - [TEST_SUITE][PASSED] - Login: Test Cases/Login]]></system-out>
      <system-err><![CDATA[]]></system-err>
   </testsuite>
</testsuites>
