<?xml version="1.0" encoding="UTF-8"?>
<testsuites name="Check Test Object" time="7.669" tests="1" failures="0" errors="0">
   <testsuite name="Check Test Object" tests="1" failures="0" errors="0" time="7.669" skipped="0" timestamp="22-09-2024T15:21:01" hostname="Rohit Roy - DESKTOP-40FUI3F" id="Test Suites/Check Test Object">
      <properties>
         <property name="deviceName" value=""/>
         <property name="devicePlatform"/>
         <property name="logFolder" value="C:\\Users\\Rohit Roy\\git\\Katalon-Project\\Reports\\20240922_152059\\Check Test Object\\20240922_152059"/>
         <property name="logFiles" value="C:\\Users\\Rohit Roy\\git\\Katalon-Project\\Reports\\20240922_152059\\Check Test Object\\20240922_152059\\execution0.log"/>
         <property name="attachments" value=""/>
         <property name="hostName" value="Rohit Roy - DESKTOP-40FUI3F"/>
         <property name="os" value="Windows 11 64bit"/>
         <property name="katalonVersion" value="9.7.2.223"/>
         <property name="browser" value="Chrome 128.0.0.0"/>
         <property name="hostAddress" value="192.168.29.56"/>
         <property name="sessionId" value="7f438d50a48b41b57bbbbb8160c656b9"/>
         <property name="seleniumVersion" value="3.141.59"/>
         <property name="proxyInformation" value="ProxyInformation { proxyOption=NO_PROXY, proxyServerType=HTTP, username=, password=********, proxyServerAddress=, proxyServerPort=0, executionList=&quot;&quot;, isApplyToDesiredCapabilities=true }"/>
         <property name="platform" value="Windows 11"/>
      </properties>
      <testcase name="Test Cases/Test Object" time="7.588" classname="Test Cases/Test Object" status="PASSED">
         <system-out><![CDATA[22-09-2024T15:21:01 - [TEST_CASE][PASSED] - Test Cases/Test Object: Test Cases/Test Object

22-09-2024T15:21:01 - [TEST_STEP][PASSED] - openBrowser(""): Browser is opened with url: ''

22-09-2024T15:21:01 - [MESSAGE][INFO] - Starting 'Chrome' driver

22-09-2024T15:21:01 - [MESSAGE][INFO] - Action delay is set to 0 milliseconds

22-09-2024T15:21:02 - [MESSAGE][PASSED] - Browser is opened with url: ''

22-09-2024T15:21:02 - [TEST_STEP][PASSED] - navigateToUrl("https://katalon-demo-cura.herokuapp.com/"): Navigate to 'https://katalon-demo-cura.herokuapp.com/' successfully

22-09-2024T15:21:06 - [MESSAGE][PASSED] - Navigate to 'https://katalon-demo-cura.herokuapp.com/' successfully

22-09-2024T15:21:06 - [TEST_STEP][PASSED] - click(findTestObject("Object Repository/Page_CURA Healthcare Service/Make Appointment_Button")): Object: 'Object Repository/Page_CURA Healthcare Service/Make Appointment_Button' is clicked on

22-09-2024T15:21:07 - [MESSAGE][PASSED] - Object: 'Object Repository/Page_CURA Healthcare Service/Make Appointment_Button' is clicked on

22-09-2024T15:21:07 - [TEST_STEP][PASSED] - click(findTestObject("Object Repository/Page_CURA Healthcare Service/a_CURA Healthcare_menu-toggle")): Object: 'Object Repository/Page_CURA Healthcare Service/a_CURA Healthcare_menu-toggle' is clicked on

22-09-2024T15:21:07 - [MESSAGE][PASSED] - Object: 'Object Repository/Page_CURA Healthcare Service/a_CURA Healthcare_menu-toggle' is clicked on

22-09-2024T15:21:07 - [TEST_STEP][PASSED] - click(findTestObject("Object Repository/Page_CURA Healthcare Service/a_Home")): Object: 'Object Repository/Page_CURA Healthcare Service/a_Home' is clicked on

22-09-2024T15:21:08 - [MESSAGE][PASSED] - Object: 'Object Repository/Page_CURA Healthcare Service/a_Home' is clicked on

22-09-2024T15:21:08 - [TEST_STEP][PASSED] - closeBrowser(): Browser is closed

22-09-2024T15:21:08 - [MESSAGE][PASSED] - Browser is closed]]></system-out>
         <system-err><![CDATA[]]></system-err>
      </testcase>
      <system-out><![CDATA[22-09-2024T15:21:01 - [TEST_SUITE][PASSED] - Check Test Object: Test Cases/Test Object]]></system-out>
      <system-err><![CDATA[]]></system-err>
   </testsuite>
</testsuites>
