<?xml version="1.0" encoding="UTF-8"?>
<testsuites name="telecom var" time="16.811" tests="1" failures="0" errors="0">
   <testsuite name="telecom var" tests="1" failures="0" errors="0" time="16.811" skipped="0" timestamp="02-10-2024T14:24:08" hostname="Rohit Roy - DESKTOP-40FUI3F" id="Test Suites/telecom var">
      <properties>
         <property name="deviceName" value=""/>
         <property name="devicePlatform"/>
         <property name="logFolder" value="C:\\Users\\Rohit Roy\\git\\Katalon-Project\\Reports\\20241002_142405\\telecom var\\20241002_142406"/>
         <property name="logFiles" value="C:\\Users\\Rohit Roy\\git\\Katalon-Project\\Reports\\20241002_142405\\telecom var\\20241002_142406\\execution0.log"/>
         <property name="attachments" value=""/>
         <property name="hostName" value="Rohit Roy - DESKTOP-40FUI3F"/>
         <property name="os" value="Windows 11 64bit"/>
         <property name="katalonVersion" value="9.7.2.223"/>
         <property name="browser" value="Chrome 129.0.0.0"/>
         <property name="hostAddress" value="192.168.29.56"/>
         <property name="sessionId" value="82ff80edad139f2523efd18d339b38a1"/>
         <property name="seleniumVersion" value="3.141.59"/>
         <property name="proxyInformation" value="ProxyInformation { proxyOption=NO_PROXY, proxyServerType=HTTP, username=, password=********, proxyServerAddress=, proxyServerPort=0, executionList=&quot;&quot;, isApplyToDesiredCapabilities=true }"/>
         <property name="platform" value="Windows 11"/>
      </properties>
      <testcase name="Test Cases/telecom" time="16.732" classname="Test Cases/telecom" status="PASSED">
         <system-out><![CDATA[02-10-2024T14:24:08 - [TEST_CASE][PASSED] - Test Cases/telecom: Test Cases/telecom

02-10-2024T14:24:09 - [TEST_STEP][PASSED] - openBrowser(""): Browser is opened with url: ''

02-10-2024T14:24:09 - [MESSAGE][INFO] - Starting 'Chrome' driver

02-10-2024T14:24:09 - [MESSAGE][INFO] - Action delay is set to 0 milliseconds

02-10-2024T14:24:10 - [MESSAGE][PASSED] - Browser is opened with url: ''

02-10-2024T14:24:10 - [TEST_STEP][PASSED] - navigateToUrl("https://demo.guru99.com/telecom/addcustomer.php"): Navigate to 'https://demo.guru99.com/telecom/addcustomer.php' successfully

02-10-2024T14:24:15 - [MESSAGE][PASSED] - Navigate to 'https://demo.guru99.com/telecom/addcustomer.php' successfully

02-10-2024T14:24:15 - [TEST_STEP][PASSED] - click(findTestObject("Object Repository/Page_Guru99 Telecom Add Customer/label_Pending")): Object: 'Object Repository/Page_Guru99 Telecom Add Customer/label_Pending' is clicked on

02-10-2024T14:24:15 - [MESSAGE][PASSED] - Object: 'Object Repository/Page_Guru99 Telecom Add Customer/label_Pending' is clicked on

02-10-2024T14:24:15 - [TEST_STEP][PASSED] - setText(findTestObject("Object Repository/Page_Guru99 Telecom Add Customer/input_Billing address_fname"), fname): Text 'kajool' is set on object 'Object Repository/Page_Guru99 Telecom Add Customer/input_Billing address_fname'

02-10-2024T14:24:16 - [MESSAGE][PASSED] - Text 'kajool' is set on object 'Object Repository/Page_Guru99 Telecom Add Customer/input_Billing address_fname'

02-10-2024T14:24:16 - [TEST_STEP][PASSED] - setText(findTestObject("Object Repository/Page_Guru99 Telecom Add Customer/input_Billing address_lname"), lname): Text 'dey' is set on object 'Object Repository/Page_Guru99 Telecom Add Customer/input_Billing address_lname'

02-10-2024T14:24:17 - [MESSAGE][PASSED] - Text 'dey' is set on object 'Object Repository/Page_Guru99 Telecom Add Customer/input_Billing address_lname'

02-10-2024T14:24:17 - [TEST_STEP][PASSED] - setText(findTestObject("Object Repository/Page_Guru99 Telecom Add Customer/input_Billing address_emailid"), email): Text 'joiniiks@gmail.com' is set on object 'Object Repository/Page_Guru99 Telecom Add Customer/input_Billing address_emailid'

02-10-2024T14:24:17 - [MESSAGE][PASSED] - Text 'joiniiks@gmail.com' is set on object 'Object Repository/Page_Guru99 Telecom Add Customer/input_Billing address_emailid'

02-10-2024T14:24:17 - [TEST_STEP][PASSED] - setText(findTestObject("Object Repository/Page_Guru99 Telecom Add Customer/textarea_Email-ID is not valid_addr"), addr): Text 'fvfv' is set on object 'Object Repository/Page_Guru99 Telecom Add Customer/textarea_Email-ID is not valid_addr'

02-10-2024T14:24:18 - [MESSAGE][PASSED] - Text 'fvfv' is set on object 'Object Repository/Page_Guru99 Telecom Add Customer/textarea_Email-ID is not valid_addr'

02-10-2024T14:24:18 - [TEST_STEP][PASSED] - setText(findTestObject("Object Repository/Page_Guru99 Telecom Add Customer/input_Email-ID is not valid_telephoneno"), phone): Text '75563026126216' is set on object 'Object Repository/Page_Guru99 Telecom Add Customer/input_Email-ID is not valid_telephoneno'

02-10-2024T14:24:19 - [MESSAGE][PASSED] - Text '75563026126216' is set on object 'Object Repository/Page_Guru99 Telecom Add Customer/input_Email-ID is not valid_telephoneno'

02-10-2024T14:24:19 - [TEST_STEP][PASSED] - click(findTestObject("Object Repository/Page_Guru99 Telecom Add Customer/input_Email-ID is not valid_submit")): Object: 'Object Repository/Page_Guru99 Telecom Add Customer/input_Email-ID is not valid_submit' is clicked on

02-10-2024T14:24:20 - [MESSAGE][PASSED] - Object: 'Object Repository/Page_Guru99 Telecom Add Customer/input_Email-ID is not valid_submit' is clicked on

02-10-2024T14:24:20 - [TEST_STEP][PASSED] - getText(findTestObject("Page_Guru99 telecom/custid text")): Text of object 'Object Repository/Page_Guru99 telecom/custid text' is: '122315'

02-10-2024T14:24:21 - [MESSAGE][PASSED] - Text of object 'Object Repository/Page_Guru99 telecom/custid text' is: '122315'

02-10-2024T14:24:21 - [TEST_STEP][PASSED] - click(findTestObject("Object Repository/Page_Guru99 telecom/a_Home")): Object: 'Object Repository/Page_Guru99 telecom/a_Home' is clicked on

02-10-2024T14:24:25 - [MESSAGE][PASSED] - Object: 'Object Repository/Page_Guru99 telecom/a_Home' is clicked on

02-10-2024T14:24:25 - [TEST_STEP][PASSED] - closeBrowser(): Browser is closed

02-10-2024T14:24:25 - [MESSAGE][PASSED] - Browser is closed]]></system-out>
         <system-err><![CDATA[]]></system-err>
      </testcase>
      <system-out><![CDATA[02-10-2024T14:24:08 - [TEST_SUITE][PASSED] - telecom var: Test Cases/telecom]]></system-out>
      <system-err><![CDATA[]]></system-err>
   </testsuite>
</testsuites>
