<?xml version="1.0" encoding="UTF-8"?>
<testsuites name="Self-Heal Xpath" time="41.444" tests="1" failures="0" errors="0">
   <testsuite name="Self-Heal Xpath" tests="1" failures="0" errors="0" time="41.444" skipped="0" timestamp="01-10-2024T09:39:41" hostname="Rohit Roy - DESKTOP-40FUI3F" id="Test Suites/Self-Heal Xpath">
      <properties>
         <property name="deviceName" value=""/>
         <property name="devicePlatform"/>
         <property name="logFolder" value="C:\\Users\\Rohit Roy\\git\\Katalon-Project\\Reports\\20241001_093938\\Self-Heal Xpath\\20241001_093939"/>
         <property name="logFiles" value="C:\\Users\\Rohit Roy\\git\\Katalon-Project\\Reports\\20241001_093938\\Self-Heal Xpath\\20241001_093939\\execution0.log"/>
         <property name="attachments" value=""/>
         <property name="hostName" value="Rohit Roy - DESKTOP-40FUI3F"/>
         <property name="os" value="Windows 11 64bit"/>
         <property name="katalonVersion" value="9.7.2.223"/>
         <property name="browser" value="Chrome 129.0.0.0"/>
         <property name="hostAddress" value="192.168.29.56"/>
         <property name="sessionId" value="c6d38ee08c97f7f48e65c492758b8458"/>
         <property name="seleniumVersion" value="3.141.59"/>
         <property name="proxyInformation" value="ProxyInformation { proxyOption=NO_PROXY, proxyServerType=HTTP, username=, password=********, proxyServerAddress=, proxyServerPort=0, executionList=&quot;&quot;, isApplyToDesiredCapabilities=true }"/>
         <property name="platform" value="Windows 11"/>
      </properties>
      <testcase name="Test Cases/Self-Heal Using Xpath" time="41.376" classname="Test Cases/Self-Heal Using Xpath" status="PASSED">
         <system-out><![CDATA[01-10-2024T09:39:41 - [TEST_CASE][PASSED] - Test Cases/Self-Heal Using Xpath: Test Cases/Self-Heal Using Xpath

01-10-2024T09:39:41 - [TEST_STEP][PASSED] - openBrowser(""): Browser is opened with url: ''

01-10-2024T09:39:41 - [MESSAGE][INFO] - Starting 'Chrome' driver

01-10-2024T09:39:41 - [MESSAGE][INFO] - Action delay is set to 0 milliseconds

01-10-2024T09:39:42 - [MESSAGE][PASSED] - Browser is opened with url: ''

01-10-2024T09:39:42 - [TEST_STEP][PASSED] - navigateToUrl("https://katalon-demo-cura.herokuapp.com/"): Navigate to 'https://katalon-demo-cura.herokuapp.com/' successfully

01-10-2024T09:39:45 - [MESSAGE][PASSED] - Navigate to 'https://katalon-demo-cura.herokuapp.com/' successfully

01-10-2024T09:39:45 - [TEST_STEP][PASSED] - click(findTestObject("Object Repository/Page_CURA Healthcare Service/a_Make Appointment (1)")): Object: 'Object Repository/Page_CURA Healthcare Service/a_Make Appointment (1)' is clicked on

01-10-2024T09:39:46 - [MESSAGE][PASSED] - Object: 'Object Repository/Page_CURA Healthcare Service/a_Make Appointment (1)' is clicked on

01-10-2024T09:39:46 - [TEST_STEP][PASSED] - setText(findTestObject("Object Repository/Page_CURA Healthcare Service/input_Username_username (1)"), "John Doe"): Text 'John Doe' is set on object 'Object Repository/Page_CURA Healthcare Service/input_Username_username (1)'

01-10-2024T09:39:47 - [MESSAGE][PASSED] - Text 'John Doe' is set on object 'Object Repository/Page_CURA Healthcare Service/input_Username_username (1)'

01-10-2024T09:39:47 - [TEST_STEP][PASSED] - setEncryptedText(findTestObject("Object Repository/Page_CURA Healthcare Service/input_Password_password (1)"), "g3/DOGG74jC3Flrr3yH+3D/yKbOqqUNM"): Text ****** has been set on object 'Object Repository/Page_CURA Healthcare Service/input_Password_password (1)'

01-10-2024T09:39:48 - [MESSAGE][PASSED] - Text ****** has been set on object 'Object Repository/Page_CURA Healthcare Service/input_Password_password (1)'

01-10-2024T09:39:48 - [TEST_STEP][PASSED] - click(findTestObject("Object Repository/Page_CURA Healthcare Service/button_Login (1)")): Object: 'Object Repository/Page_CURA Healthcare Service/button_Login (1)' is clicked on

01-10-2024T09:40:19 - [MESSAGE][INFO] - Unable to find the element located by 'By.xpath: //button[@id='btn-login'-has a  broken locator]'. Please recheck the objects properties to make sure the desired element is located. 

01-10-2024T09:40:19 - [MESSAGE][WARNING] - [SELF-HEALING] Failed to find element with id 'Object Repository/Page_CURA Healthcare Service/button_Login (1)'. Try using Self-healing.

01-10-2024T09:40:19 - [MESSAGE][INFO] - [SELF-HEALING] Failed Locator: '//button[@id='btn-login'-has a  broken locator]'.

01-10-2024T09:40:19 - [MESSAGE][INFO] - [SELF-HEALING] Working Locator: '//section[@id='login']/div/div/div[2]/form/div[4]/div/button'.

01-10-2024T09:40:20 - [MESSAGE][INFO] - [SELF-HEALING] Screenshot: C:/Users/Rohit Roy/git/Katalon-Project/Reports/Self-healing/Object Repository/Page_CURA Healthcare Service/button_Login (1)_idRelative.png

01-10-2024T09:40:20 - [MESSAGE][WARNING] - [SELF-HEALING] The current locator of test object 'Object Repository/Page_CURA Healthcare Service/button_Login (1)' was broken. Propose an alternative one: '//section[@id='login']/div/div/div[2]/form/div[4]/div/button'.

01-10-2024T09:40:21 - [MESSAGE][PASSED] - Object: 'Object Repository/Page_CURA Healthcare Service/button_Login (1)' is clicked on

01-10-2024T09:40:21 - [TEST_STEP][PASSED] - click(findTestObject("Object Repository/Page_CURA Healthcare Service/a_CURA Healthcare_menu-toggle (1)")): Object: 'Object Repository/Page_CURA Healthcare Service/a_CURA Healthcare_menu-toggle (1)' is clicked on

01-10-2024T09:40:21 - [MESSAGE][PASSED] - Object: 'Object Repository/Page_CURA Healthcare Service/a_CURA Healthcare_menu-toggle (1)' is clicked on

01-10-2024T09:40:21 - [TEST_STEP][PASSED] - click(findTestObject("Object Repository/Page_CURA Healthcare Service/a_Logout (1)")): Object: 'Object Repository/Page_CURA Healthcare Service/a_Logout (1)' is clicked on

01-10-2024T09:40:22 - [MESSAGE][PASSED] - Object: 'Object Repository/Page_CURA Healthcare Service/a_Logout (1)' is clicked on

01-10-2024T09:40:22 - [TEST_STEP][PASSED] - closeBrowser(): Browser is closed

01-10-2024T09:40:22 - [MESSAGE][PASSED] - Browser is closed]]></system-out>
         <system-err><![CDATA[]]></system-err>
      </testcase>
      <system-out><![CDATA[01-10-2024T09:39:41 - [TEST_SUITE][PASSED] - Self-Heal Xpath: Test Cases/Self-Heal Using Xpath]]></system-out>
      <system-err><![CDATA[]]></system-err>
   </testsuite>
</testsuites>
