<?xml version="1.0" encoding="UTF-8"?>
<testsuites name="Excel" time="37.304" tests="3" failures="0" errors="0">
   <testsuite name="Excel" tests="3" failures="0" errors="0" time="37.304" skipped="0" timestamp="04-10-2024T08:40:46" hostname="Rohit Roy - DESKTOP-40FUI3F" id="Test Suites/Excel">
      <properties>
         <property name="deviceName" value=""/>
         <property name="devicePlatform"/>
         <property name="logFolder" value="C:\\Users\\Rohit Roy\\git\\Katalon-Project\\Reports\\20241004_084043\\Excel\\20241004_084044"/>
         <property name="logFiles" value="C:\\Users\\Rohit Roy\\git\\Katalon-Project\\Reports\\20241004_084043\\Excel\\20241004_084044\\execution0.log"/>
         <property name="attachments" value=""/>
         <property name="hostName" value="Rohit Roy - DESKTOP-40FUI3F"/>
         <property name="os" value="Windows 11 64bit"/>
         <property name="katalonVersion" value="9.7.2.223"/>
         <property name="browser" value="Chrome 129.0.0.0"/>
         <property name="hostAddress" value="192.168.29.56"/>
         <property name="sessionId" value="0f72e27767f46b1ec9373b16500eb9f7"/>
         <property name="seleniumVersion" value="3.141.59"/>
         <property name="proxyInformation" value="ProxyInformation { proxyOption=NO_PROXY, proxyServerType=HTTP, username=, password=********, proxyServerAddress=, proxyServerPort=0, executionList=&quot;&quot;, isApplyToDesiredCapabilities=true }"/>
         <property name="platform" value="Windows 11"/>
      </properties>
      <testcase name="Test Cases/Excel" time="12.588" classname="Test Cases/Excel" status="PASSED">
         <system-out><![CDATA[04-10-2024T08:40:46 - [TEST_CASE][PASSED] - Test Cases/Excel: Test Cases/Excel

04-10-2024T08:40:46 - [TEST_STEP][PASSED] - openBrowser(""): Browser is opened with url: ''

04-10-2024T08:40:46 - [MESSAGE][INFO] - Starting 'Chrome' driver

04-10-2024T08:40:46 - [MESSAGE][INFO] - Action delay is set to 0 milliseconds

04-10-2024T08:40:48 - [MESSAGE][PASSED] - Browser is opened with url: ''

04-10-2024T08:40:48 - [TEST_STEP][PASSED] - navigateToUrl("https://practice.expandtesting.com/inputs"): Navigate to 'https://practice.expandtesting.com/inputs' successfully

04-10-2024T08:40:52 - [MESSAGE][PASSED] - Navigate to 'https://practice.expandtesting.com/inputs' successfully

04-10-2024T08:40:52 - [TEST_STEP][PASSED] - click(findTestObject("Object Repository/Page_Web inputs page for Automation Testing_33fec6/input_Input Number_input-number"), STOP_ON_FAILURE): Object: 'Object Repository/Page_Web inputs page for Automation Testing_33fec6/input_Input Number_input-number' is clicked on

04-10-2024T08:40:54 - [MESSAGE][PASSED] - Object: 'Object Repository/Page_Web inputs page for Automation Testing_33fec6/input_Input Number_input-number' is clicked on

04-10-2024T08:40:54 - [TEST_STEP][PASSED] - setText(findTestObject("Object Repository/Page_Web inputs page for Automation Testing_33fec6/input_Input Number_input-number"), number): Text '1250' is set on object 'Object Repository/Page_Web inputs page for Automation Testing_33fec6/input_Input Number_input-number'

04-10-2024T08:40:55 - [MESSAGE][PASSED] - Text '1250' is set on object 'Object Repository/Page_Web inputs page for Automation Testing_33fec6/input_Input Number_input-number'

04-10-2024T08:40:55 - [TEST_STEP][PASSED] - click(findTestObject("Page_Web inputs page for Automation Testing_33fec6/input_Input Text_input-text")): Object: 'Object Repository/Page_Web inputs page for Automation Testing_33fec6/input_Input Text_input-text' is clicked on

04-10-2024T08:40:55 - [MESSAGE][PASSED] - Object: 'Object Repository/Page_Web inputs page for Automation Testing_33fec6/input_Input Text_input-text' is clicked on

04-10-2024T08:40:56 - [TEST_STEP][PASSED] - setText(findTestObject("Object Repository/Page_Web inputs page for Automation Testing_33fec6/input_Input Text_input-text"), text): Text 'rttt' is set on object 'Object Repository/Page_Web inputs page for Automation Testing_33fec6/input_Input Text_input-text'

04-10-2024T08:40:56 - [MESSAGE][PASSED] - Text 'rttt' is set on object 'Object Repository/Page_Web inputs page for Automation Testing_33fec6/input_Input Text_input-text'

04-10-2024T08:40:56 - [TEST_STEP][PASSED] - click(findTestObject("Page_Web inputs page for Automation Testing_33fec6/input_Input Password_input-password")): Object: 'Object Repository/Page_Web inputs page for Automation Testing_33fec6/input_Input Password_input-password' is clicked on

04-10-2024T08:40:57 - [MESSAGE][PASSED] - Object: 'Object Repository/Page_Web inputs page for Automation Testing_33fec6/input_Input Password_input-password' is clicked on

04-10-2024T08:40:57 - [TEST_STEP][PASSED] - setText(findTestObject("Object Repository/Page_Web inputs page for Automation Testing_33fec6/input_Input Password_input-password"), password): Text 'i128' is set on object 'Object Repository/Page_Web inputs page for Automation Testing_33fec6/input_Input Password_input-password'

04-10-2024T08:40:58 - [MESSAGE][PASSED] - Text 'i128' is set on object 'Object Repository/Page_Web inputs page for Automation Testing_33fec6/input_Input Password_input-password'

04-10-2024T08:40:58 - [TEST_STEP][PASSED] - click(findTestObject("Object Repository/Page_Web inputs page for Automation Testing_33fec6/button_Display Inputs")): Object: 'Object Repository/Page_Web inputs page for Automation Testing_33fec6/button_Display Inputs' is clicked on

04-10-2024T08:40:58 - [MESSAGE][PASSED] - Object: 'Object Repository/Page_Web inputs page for Automation Testing_33fec6/button_Display Inputs' is clicked on

04-10-2024T08:40:58 - [TEST_STEP][PASSED] - click(findTestObject("Object Repository/Page_Web inputs page for Automation Testing_33fec6/button_Clear Inputs")): Object: 'Object Repository/Page_Web inputs page for Automation Testing_33fec6/button_Clear Inputs' is clicked on

04-10-2024T08:40:59 - [MESSAGE][PASSED] - Object: 'Object Repository/Page_Web inputs page for Automation Testing_33fec6/button_Clear Inputs' is clicked on

04-10-2024T08:40:59 - [TEST_STEP][PASSED] - closeBrowser(): Browser is closed

04-10-2024T08:40:59 - [MESSAGE][PASSED] - Browser is closed]]></system-out>
         <system-err><![CDATA[]]></system-err>
      </testcase>
      <testcase name="Test Cases/Excel" time="13.463" classname="Test Cases/Excel" status="PASSED">
         <system-out><![CDATA[04-10-2024T08:40:59 - [TEST_CASE][PASSED] - Test Cases/Excel: Test Cases/Excel

04-10-2024T08:40:59 - [TEST_STEP][PASSED] - openBrowser(""): Browser is opened with url: ''

04-10-2024T08:40:59 - [MESSAGE][INFO] - Starting 'Chrome' driver

04-10-2024T08:40:59 - [MESSAGE][INFO] - Action delay is set to 0 milliseconds

04-10-2024T08:40:59 - [MESSAGE][PASSED] - Browser is opened with url: ''

04-10-2024T08:40:59 - [TEST_STEP][PASSED] - navigateToUrl("https://practice.expandtesting.com/inputs"): Navigate to 'https://practice.expandtesting.com/inputs' successfully

04-10-2024T08:41:05 - [MESSAGE][PASSED] - Navigate to 'https://practice.expandtesting.com/inputs' successfully

04-10-2024T08:41:05 - [TEST_STEP][PASSED] - click(findTestObject("Object Repository/Page_Web inputs page for Automation Testing_33fec6/input_Input Number_input-number"), STOP_ON_FAILURE): Object: 'Object Repository/Page_Web inputs page for Automation Testing_33fec6/input_Input Number_input-number' is clicked on

04-10-2024T08:41:07 - [MESSAGE][PASSED] - Object: 'Object Repository/Page_Web inputs page for Automation Testing_33fec6/input_Input Number_input-number' is clicked on

04-10-2024T08:41:07 - [TEST_STEP][PASSED] - setText(findTestObject("Object Repository/Page_Web inputs page for Automation Testing_33fec6/input_Input Number_input-number"), number): Text '1852' is set on object 'Object Repository/Page_Web inputs page for Automation Testing_33fec6/input_Input Number_input-number'

04-10-2024T08:41:08 - [MESSAGE][PASSED] - Text '1852' is set on object 'Object Repository/Page_Web inputs page for Automation Testing_33fec6/input_Input Number_input-number'

04-10-2024T08:41:08 - [TEST_STEP][PASSED] - click(findTestObject("Page_Web inputs page for Automation Testing_33fec6/input_Input Text_input-text")): Object: 'Object Repository/Page_Web inputs page for Automation Testing_33fec6/input_Input Text_input-text' is clicked on

04-10-2024T08:41:08 - [MESSAGE][PASSED] - Object: 'Object Repository/Page_Web inputs page for Automation Testing_33fec6/input_Input Text_input-text' is clicked on

04-10-2024T08:41:08 - [TEST_STEP][PASSED] - setText(findTestObject("Object Repository/Page_Web inputs page for Automation Testing_33fec6/input_Input Text_input-text"), text): Text 'tuyuu' is set on object 'Object Repository/Page_Web inputs page for Automation Testing_33fec6/input_Input Text_input-text'

04-10-2024T08:41:09 - [MESSAGE][PASSED] - Text 'tuyuu' is set on object 'Object Repository/Page_Web inputs page for Automation Testing_33fec6/input_Input Text_input-text'

04-10-2024T08:41:09 - [TEST_STEP][PASSED] - click(findTestObject("Page_Web inputs page for Automation Testing_33fec6/input_Input Password_input-password")): Object: 'Object Repository/Page_Web inputs page for Automation Testing_33fec6/input_Input Password_input-password' is clicked on

04-10-2024T08:41:09 - [MESSAGE][PASSED] - Object: 'Object Repository/Page_Web inputs page for Automation Testing_33fec6/input_Input Password_input-password' is clicked on

04-10-2024T08:41:09 - [TEST_STEP][PASSED] - setText(findTestObject("Object Repository/Page_Web inputs page for Automation Testing_33fec6/input_Input Password_input-password"), password): Text 'o896' is set on object 'Object Repository/Page_Web inputs page for Automation Testing_33fec6/input_Input Password_input-password'

04-10-2024T08:41:10 - [MESSAGE][PASSED] - Text 'o896' is set on object 'Object Repository/Page_Web inputs page for Automation Testing_33fec6/input_Input Password_input-password'

04-10-2024T08:41:10 - [TEST_STEP][PASSED] - click(findTestObject("Object Repository/Page_Web inputs page for Automation Testing_33fec6/button_Display Inputs")): Object: 'Object Repository/Page_Web inputs page for Automation Testing_33fec6/button_Display Inputs' is clicked on

04-10-2024T08:41:10 - [MESSAGE][PASSED] - Object: 'Object Repository/Page_Web inputs page for Automation Testing_33fec6/button_Display Inputs' is clicked on

04-10-2024T08:41:10 - [TEST_STEP][PASSED] - click(findTestObject("Object Repository/Page_Web inputs page for Automation Testing_33fec6/button_Clear Inputs")): Object: 'Object Repository/Page_Web inputs page for Automation Testing_33fec6/button_Clear Inputs' is clicked on

04-10-2024T08:41:11 - [MESSAGE][PASSED] - Object: 'Object Repository/Page_Web inputs page for Automation Testing_33fec6/button_Clear Inputs' is clicked on

04-10-2024T08:41:11 - [TEST_STEP][PASSED] - closeBrowser(): Browser is closed

04-10-2024T08:41:12 - [MESSAGE][PASSED] - Browser is closed]]></system-out>
         <system-err><![CDATA[]]></system-err>
      </testcase>
      <testcase name="Test Cases/Excel" time="11.061" classname="Test Cases/Excel" status="PASSED">
         <system-out><![CDATA[04-10-2024T08:41:12 - [TEST_CASE][PASSED] - Test Cases/Excel: Test Cases/Excel

04-10-2024T08:41:12 - [TEST_STEP][PASSED] - openBrowser(""): Browser is opened with url: ''

04-10-2024T08:41:12 - [MESSAGE][INFO] - Starting 'Chrome' driver

04-10-2024T08:41:12 - [MESSAGE][INFO] - Action delay is set to 0 milliseconds

04-10-2024T08:41:13 - [MESSAGE][PASSED] - Browser is opened with url: ''

04-10-2024T08:41:13 - [TEST_STEP][PASSED] - navigateToUrl("https://practice.expandtesting.com/inputs"): Navigate to 'https://practice.expandtesting.com/inputs' successfully

04-10-2024T08:41:16 - [MESSAGE][PASSED] - Navigate to 'https://practice.expandtesting.com/inputs' successfully

04-10-2024T08:41:16 - [TEST_STEP][PASSED] - click(findTestObject("Object Repository/Page_Web inputs page for Automation Testing_33fec6/input_Input Number_input-number"), STOP_ON_FAILURE): Object: 'Object Repository/Page_Web inputs page for Automation Testing_33fec6/input_Input Number_input-number' is clicked on

04-10-2024T08:41:18 - [MESSAGE][PASSED] - Object: 'Object Repository/Page_Web inputs page for Automation Testing_33fec6/input_Input Number_input-number' is clicked on

04-10-2024T08:41:18 - [TEST_STEP][PASSED] - setText(findTestObject("Object Repository/Page_Web inputs page for Automation Testing_33fec6/input_Input Number_input-number"), number): Text '556252' is set on object 'Object Repository/Page_Web inputs page for Automation Testing_33fec6/input_Input Number_input-number'

04-10-2024T08:41:19 - [MESSAGE][PASSED] - Text '556252' is set on object 'Object Repository/Page_Web inputs page for Automation Testing_33fec6/input_Input Number_input-number'

04-10-2024T08:41:19 - [TEST_STEP][PASSED] - click(findTestObject("Page_Web inputs page for Automation Testing_33fec6/input_Input Text_input-text")): Object: 'Object Repository/Page_Web inputs page for Automation Testing_33fec6/input_Input Text_input-text' is clicked on

04-10-2024T08:41:20 - [MESSAGE][PASSED] - Object: 'Object Repository/Page_Web inputs page for Automation Testing_33fec6/input_Input Text_input-text' is clicked on

04-10-2024T08:41:20 - [TEST_STEP][PASSED] - setText(findTestObject("Object Repository/Page_Web inputs page for Automation Testing_33fec6/input_Input Text_input-text"), text): Text 'dgg' is set on object 'Object Repository/Page_Web inputs page for Automation Testing_33fec6/input_Input Text_input-text'

04-10-2024T08:41:21 - [MESSAGE][PASSED] - Text 'dgg' is set on object 'Object Repository/Page_Web inputs page for Automation Testing_33fec6/input_Input Text_input-text'

04-10-2024T08:41:21 - [TEST_STEP][PASSED] - click(findTestObject("Page_Web inputs page for Automation Testing_33fec6/input_Input Password_input-password")): Object: 'Object Repository/Page_Web inputs page for Automation Testing_33fec6/input_Input Password_input-password' is clicked on

04-10-2024T08:41:21 - [MESSAGE][PASSED] - Object: 'Object Repository/Page_Web inputs page for Automation Testing_33fec6/input_Input Password_input-password' is clicked on

04-10-2024T08:41:21 - [TEST_STEP][PASSED] - setText(findTestObject("Object Repository/Page_Web inputs page for Automation Testing_33fec6/input_Input Password_input-password"), password): Text 'y5855' is set on object 'Object Repository/Page_Web inputs page for Automation Testing_33fec6/input_Input Password_input-password'

04-10-2024T08:41:22 - [MESSAGE][PASSED] - Text 'y5855' is set on object 'Object Repository/Page_Web inputs page for Automation Testing_33fec6/input_Input Password_input-password'

04-10-2024T08:41:22 - [TEST_STEP][PASSED] - click(findTestObject("Object Repository/Page_Web inputs page for Automation Testing_33fec6/button_Display Inputs")): Object: 'Object Repository/Page_Web inputs page for Automation Testing_33fec6/button_Display Inputs' is clicked on

04-10-2024T08:41:23 - [MESSAGE][PASSED] - Object: 'Object Repository/Page_Web inputs page for Automation Testing_33fec6/button_Display Inputs' is clicked on

04-10-2024T08:41:23 - [TEST_STEP][PASSED] - click(findTestObject("Object Repository/Page_Web inputs page for Automation Testing_33fec6/button_Clear Inputs")): Object: 'Object Repository/Page_Web inputs page for Automation Testing_33fec6/button_Clear Inputs' is clicked on

04-10-2024T08:41:23 - [MESSAGE][PASSED] - Object: 'Object Repository/Page_Web inputs page for Automation Testing_33fec6/button_Clear Inputs' is clicked on

04-10-2024T08:41:23 - [TEST_STEP][PASSED] - closeBrowser(): Browser is closed

04-10-2024T08:41:23 - [MESSAGE][PASSED] - Browser is closed]]></system-out>
         <system-err><![CDATA[]]></system-err>
      </testcase>
      <system-out><![CDATA[04-10-2024T08:40:46 - [TEST_SUITE][PASSED] - Excel: Test Cases/Excel]]></system-out>
      <system-err><![CDATA[]]></system-err>
   </testsuite>
</testsuites>
