<?xml version="1.0" encoding="UTF-8"?>
<testsuites name="Img self heal" time="60.88" tests="1" failures="0" errors="0">
   <testsuite name="Img self heal" tests="1" failures="0" errors="0" time="60.88" skipped="0" timestamp="28-09-2024T11:09:23" hostname="Rohit Roy - DESKTOP-40FUI3F" id="Test Suites/Img self heal">
      <properties>
         <property name="deviceName" value=""/>
         <property name="devicePlatform"/>
         <property name="logFolder" value="C:\\Users\\Rohit Roy\\git\\Katalon-Project\\Reports\\20240928_110921\\Img self heal\\20240928_110921"/>
         <property name="logFiles" value="C:\\Users\\Rohit Roy\\git\\Katalon-Project\\Reports\\20240928_110921\\Img self heal\\20240928_110921\\execution0.log"/>
         <property name="attachments" value=""/>
         <property name="hostName" value="Rohit Roy - DESKTOP-40FUI3F"/>
         <property name="os" value="Windows 11 64bit"/>
         <property name="katalonVersion" value="9.7.2.223"/>
         <property name="browser" value="Chrome 129.0.0.0"/>
         <property name="hostAddress" value="192.168.29.56"/>
         <property name="sessionId" value="497685e46a71630b106b09c2bc986e3b"/>
         <property name="seleniumVersion" value="3.141.59"/>
         <property name="proxyInformation" value="ProxyInformation { proxyOption=NO_PROXY, proxyServerType=HTTP, username=, password=********, proxyServerAddress=, proxyServerPort=0, executionList=&quot;&quot;, isApplyToDesiredCapabilities=true }"/>
         <property name="platform" value="Windows 11"/>
      </properties>
      <testcase name="Test Cases/Self heal -Img locator" time="60.805" classname="Test Cases/Self heal -Img locator" status="PASSED">
         <system-out><![CDATA[28-09-2024T11:09:23 - [TEST_CASE][PASSED] - Test Cases/Self heal -Img locator: Test Cases/Self heal -Img locator

28-09-2024T11:09:23 - [TEST_STEP][PASSED] - openBrowser(""): Browser is opened with url: ''

28-09-2024T11:09:23 - [MESSAGE][INFO] - Starting 'Chrome' driver

28-09-2024T11:09:23 - [MESSAGE][INFO] - Action delay is set to 0 milliseconds

28-09-2024T11:09:25 - [MESSAGE][PASSED] - Browser is opened with url: ''

28-09-2024T11:09:25 - [TEST_STEP][PASSED] - navigateToUrl("https://katalon-demo-cura.herokuapp.com/"): Navigate to 'https://katalon-demo-cura.herokuapp.com/' successfully

28-09-2024T11:09:50 - [MESSAGE][PASSED] - Navigate to 'https://katalon-demo-cura.herokuapp.com/' successfully

28-09-2024T11:09:50 - [TEST_STEP][PASSED] - click(findTestObject("Object Repository/Page_CURA Healthcare Service/a_Make Appointment (2)")): Object: 'Object Repository/Page_CURA Healthcare Service/a_Make Appointment (2)' is clicked on

28-09-2024T11:09:50 - [MESSAGE][INFO] - Attempting to find element by its screenshot !

28-09-2024T11:10:23 - [MESSAGE][PASSED] - Object: 'Object Repository/Page_CURA Healthcare Service/a_Make Appointment (2)' is clicked on

28-09-2024T11:10:23 - [TEST_STEP][PASSED] - closeBrowser(): Browser is closed

28-09-2024T11:10:24 - [MESSAGE][PASSED] - Browser is closed]]></system-out>
         <system-err><![CDATA[]]></system-err>
      </testcase>
      <system-out><![CDATA[28-09-2024T11:09:23 - [TEST_SUITE][PASSED] - Img self heal: Test Cases/Self heal -Img locator]]></system-out>
      <system-err><![CDATA[]]></system-err>
   </testsuite>
</testsuites>
