<?xml version="1.0" encoding="UTF-8"?>
<testsuites name="Search Data" time="37.287" tests="3" failures="0" errors="0">
   <testsuite name="Search Data" tests="3" failures="0" errors="0" time="37.287" skipped="0" timestamp="03-10-2024T13:57:57" hostname="Rohit Roy - DESKTOP-40FUI3F" id="Test Suites/Search Data">
      <properties>
         <property name="deviceName" value=""/>
         <property name="devicePlatform"/>
         <property name="logFolder" value="C:\\Users\\Rohit Roy\\git\\Katalon-Project\\Reports\\20241003_135754\\Search Data\\20241003_135755"/>
         <property name="logFiles" value="C:\\Users\\Rohit Roy\\git\\Katalon-Project\\Reports\\20241003_135754\\Search Data\\20241003_135755\\execution0.log"/>
         <property name="attachments" value=""/>
         <property name="hostName" value="Rohit Roy - DESKTOP-40FUI3F"/>
         <property name="os" value="Windows 11 64bit"/>
         <property name="katalonVersion" value="9.7.2.223"/>
         <property name="browser" value="Chrome 129.0.0.0"/>
         <property name="hostAddress" value="192.168.29.56"/>
         <property name="sessionId" value="61841dd458c01d4484cfd6b36dcfcd73"/>
         <property name="seleniumVersion" value="3.141.59"/>
         <property name="proxyInformation" value="ProxyInformation { proxyOption=NO_PROXY, proxyServerType=HTTP, username=, password=********, proxyServerAddress=, proxyServerPort=0, executionList=&quot;&quot;, isApplyToDesiredCapabilities=true }"/>
         <property name="platform" value="Windows 11"/>
      </properties>
      <testcase name="Test Cases/Find a Place" time="12.33" classname="Test Cases/Find a Place" status="PASSED">
         <system-out><![CDATA[03-10-2024T13:57:57 - [TEST_CASE][PASSED] - Test Cases/Find a Place: Test Cases/Find a Place

03-10-2024T13:57:57 - [TEST_STEP][PASSED] - openBrowser(""): Browser is opened with url: ''

03-10-2024T13:57:58 - [MESSAGE][INFO] - Starting 'Chrome' driver

03-10-2024T13:57:58 - [MESSAGE][INFO] - Action delay is set to 0 milliseconds

03-10-2024T13:57:59 - [MESSAGE][PASSED] - Browser is opened with url: ''

03-10-2024T13:57:59 - [TEST_STEP][PASSED] - navigateToUrl("https://www.airbnb.co.in/"): Navigate to 'https://www.airbnb.co.in/' successfully

03-10-2024T13:58:00 - [MESSAGE][PASSED] - Navigate to 'https://www.airbnb.co.in/' successfully

03-10-2024T13:58:00 - [TEST_STEP][PASSED] - click(findTestObject("Page_Airbnb search/input_Where_query")): Object: 'Object Repository/Page_Airbnb search/input_Where_query' is clicked on

03-10-2024T13:58:03 - [MESSAGE][PASSED] - Object: 'Object Repository/Page_Airbnb search/input_Where_query' is clicked on

03-10-2024T13:58:03 - [TEST_STEP][PASSED] - setText(findTestObject("Object Repository/Page_Airbnb search/input_Where_query"), City): Text 'Kolkata' is set on object 'Object Repository/Page_Airbnb search/input_Where_query'

03-10-2024T13:58:04 - [MESSAGE][PASSED] - Text 'Kolkata' is set on object 'Object Repository/Page_Airbnb search/input_Where_query'

03-10-2024T13:58:04 - [TEST_STEP][PASSED] - click(findTestObject("Object Repository/Page_Airbnb search/div_Check in")): Object: 'Object Repository/Page_Airbnb search/div_Check in' is clicked on

03-10-2024T13:58:05 - [MESSAGE][PASSED] - Object: 'Object Repository/Page_Airbnb search/div_Check in' is clicked on

03-10-2024T13:58:05 - [TEST_STEP][PASSED] - click(findTestObject("Object Repository/Page_Airbnb search/label_3 days3 days")): Object: 'Object Repository/Page_Airbnb search/label_3 days3 days' is clicked on

03-10-2024T13:58:05 - [MESSAGE][PASSED] - Object: 'Object Repository/Page_Airbnb search/label_3 days3 days' is clicked on

03-10-2024T13:58:05 - [TEST_STEP][PASSED] - click(findTestObject("Object Repository/Page_Airbnb search/span_Add guests_t1dqvypu atm_9s_1ulexfb atm_023ad9")): Object: 'Object Repository/Page_Airbnb search/span_Add guests_t1dqvypu atm_9s_1ulexfb atm_023ad9' is clicked on

03-10-2024T13:58:06 - [MESSAGE][PASSED] - Object: 'Object Repository/Page_Airbnb search/span_Add guests_t1dqvypu atm_9s_1ulexfb atm_023ad9' is clicked on

03-10-2024T13:58:06 - [TEST_STEP][PASSED] - verifyTextPresent(ExpectedResult, false): Text 'Over 1,000 places in Kolkata' is present on page 

03-10-2024T13:58:09 - [MESSAGE][PASSED] - Text 'Over 1,000 places in Kolkata' is present on page 

03-10-2024T13:58:09 - [TEST_STEP][PASSED] - closeBrowser(): Browser is closed

03-10-2024T13:58:10 - [MESSAGE][PASSED] - Browser is closed]]></system-out>
         <system-err><![CDATA[]]></system-err>
      </testcase>
      <testcase name="Test Cases/Find a Place" time="11.007" classname="Test Cases/Find a Place" status="PASSED">
         <system-out><![CDATA[03-10-2024T13:58:10 - [TEST_CASE][PASSED] - Test Cases/Find a Place: Test Cases/Find a Place

03-10-2024T13:58:10 - [TEST_STEP][PASSED] - openBrowser(""): Browser is opened with url: ''

03-10-2024T13:58:10 - [MESSAGE][INFO] - Starting 'Chrome' driver

03-10-2024T13:58:10 - [MESSAGE][INFO] - Action delay is set to 0 milliseconds

03-10-2024T13:58:10 - [MESSAGE][PASSED] - Browser is opened with url: ''

03-10-2024T13:58:10 - [TEST_STEP][PASSED] - navigateToUrl("https://www.airbnb.co.in/"): Navigate to 'https://www.airbnb.co.in/' successfully

03-10-2024T13:58:11 - [MESSAGE][PASSED] - Navigate to 'https://www.airbnb.co.in/' successfully

03-10-2024T13:58:11 - [TEST_STEP][PASSED] - click(findTestObject("Page_Airbnb search/input_Where_query")): Object: 'Object Repository/Page_Airbnb search/input_Where_query' is clicked on

03-10-2024T13:58:14 - [MESSAGE][PASSED] - Object: 'Object Repository/Page_Airbnb search/input_Where_query' is clicked on

03-10-2024T13:58:14 - [TEST_STEP][PASSED] - setText(findTestObject("Object Repository/Page_Airbnb search/input_Where_query"), City): Text 'Punjab' is set on object 'Object Repository/Page_Airbnb search/input_Where_query'

03-10-2024T13:58:15 - [MESSAGE][PASSED] - Text 'Punjab' is set on object 'Object Repository/Page_Airbnb search/input_Where_query'

03-10-2024T13:58:15 - [TEST_STEP][PASSED] - click(findTestObject("Object Repository/Page_Airbnb search/div_Check in")): Object: 'Object Repository/Page_Airbnb search/div_Check in' is clicked on

03-10-2024T13:58:16 - [MESSAGE][PASSED] - Object: 'Object Repository/Page_Airbnb search/div_Check in' is clicked on

03-10-2024T13:58:16 - [TEST_STEP][PASSED] - click(findTestObject("Object Repository/Page_Airbnb search/label_3 days3 days")): Object: 'Object Repository/Page_Airbnb search/label_3 days3 days' is clicked on

03-10-2024T13:58:17 - [MESSAGE][PASSED] - Object: 'Object Repository/Page_Airbnb search/label_3 days3 days' is clicked on

03-10-2024T13:58:17 - [TEST_STEP][PASSED] - click(findTestObject("Object Repository/Page_Airbnb search/span_Add guests_t1dqvypu atm_9s_1ulexfb atm_023ad9")): Object: 'Object Repository/Page_Airbnb search/span_Add guests_t1dqvypu atm_9s_1ulexfb atm_023ad9' is clicked on

03-10-2024T13:58:17 - [MESSAGE][PASSED] - Object: 'Object Repository/Page_Airbnb search/span_Add guests_t1dqvypu atm_9s_1ulexfb atm_023ad9' is clicked on

03-10-2024T13:58:17 - [TEST_STEP][PASSED] - verifyTextPresent(ExpectedResult, false): Text 'Over 1,000 places in Punjab' is present on page 

03-10-2024T13:58:20 - [MESSAGE][PASSED] - Text 'Over 1,000 places in Punjab' is present on page 

03-10-2024T13:58:20 - [TEST_STEP][PASSED] - closeBrowser(): Browser is closed

03-10-2024T13:58:21 - [MESSAGE][PASSED] - Browser is closed]]></system-out>
         <system-err><![CDATA[]]></system-err>
      </testcase>
      <testcase name="Test Cases/Find a Place" time="13.741" classname="Test Cases/Find a Place" status="PASSED">
         <system-out><![CDATA[03-10-2024T13:58:21 - [TEST_CASE][PASSED] - Test Cases/Find a Place: Test Cases/Find a Place

03-10-2024T13:58:21 - [TEST_STEP][PASSED] - openBrowser(""): Browser is opened with url: ''

03-10-2024T13:58:21 - [MESSAGE][INFO] - Starting 'Chrome' driver

03-10-2024T13:58:21 - [MESSAGE][INFO] - Action delay is set to 0 milliseconds

03-10-2024T13:58:21 - [MESSAGE][PASSED] - Browser is opened with url: ''

03-10-2024T13:58:21 - [TEST_STEP][PASSED] - navigateToUrl("https://www.airbnb.co.in/"): Navigate to 'https://www.airbnb.co.in/' successfully

03-10-2024T13:58:23 - [MESSAGE][PASSED] - Navigate to 'https://www.airbnb.co.in/' successfully

03-10-2024T13:58:23 - [TEST_STEP][PASSED] - click(findTestObject("Page_Airbnb search/input_Where_query")): Object: 'Object Repository/Page_Airbnb search/input_Where_query' is clicked on

03-10-2024T13:58:26 - [MESSAGE][PASSED] - Object: 'Object Repository/Page_Airbnb search/input_Where_query' is clicked on

03-10-2024T13:58:26 - [TEST_STEP][PASSED] - setText(findTestObject("Object Repository/Page_Airbnb search/input_Where_query"), City): Text 'Mumbai' is set on object 'Object Repository/Page_Airbnb search/input_Where_query'

03-10-2024T13:58:27 - [MESSAGE][PASSED] - Text 'Mumbai' is set on object 'Object Repository/Page_Airbnb search/input_Where_query'

03-10-2024T13:58:27 - [TEST_STEP][PASSED] - click(findTestObject("Object Repository/Page_Airbnb search/div_Check in")): Object: 'Object Repository/Page_Airbnb search/div_Check in' is clicked on

03-10-2024T13:58:29 - [MESSAGE][PASSED] - Object: 'Object Repository/Page_Airbnb search/div_Check in' is clicked on

03-10-2024T13:58:29 - [TEST_STEP][PASSED] - click(findTestObject("Object Repository/Page_Airbnb search/label_3 days3 days")): Object: 'Object Repository/Page_Airbnb search/label_3 days3 days' is clicked on

03-10-2024T13:58:30 - [MESSAGE][PASSED] - Object: 'Object Repository/Page_Airbnb search/label_3 days3 days' is clicked on

03-10-2024T13:58:30 - [TEST_STEP][PASSED] - click(findTestObject("Object Repository/Page_Airbnb search/span_Add guests_t1dqvypu atm_9s_1ulexfb atm_023ad9")): Object: 'Object Repository/Page_Airbnb search/span_Add guests_t1dqvypu atm_9s_1ulexfb atm_023ad9' is clicked on

03-10-2024T13:58:31 - [MESSAGE][PASSED] - Object: 'Object Repository/Page_Airbnb search/span_Add guests_t1dqvypu atm_9s_1ulexfb atm_023ad9' is clicked on

03-10-2024T13:58:31 - [TEST_STEP][PASSED] - verifyTextPresent(ExpectedResult, false): Text 'Over 1,000 places in Mumbai' is present on page 

03-10-2024T13:58:34 - [MESSAGE][PASSED] - Text 'Over 1,000 places in Mumbai' is present on page 

03-10-2024T13:58:34 - [TEST_STEP][PASSED] - closeBrowser(): Browser is closed

03-10-2024T13:58:34 - [MESSAGE][PASSED] - Browser is closed]]></system-out>
         <system-err><![CDATA[]]></system-err>
      </testcase>
      <system-out><![CDATA[03-10-2024T13:57:57 - [TEST_SUITE][PASSED] - Search Data: Test Cases/Find a Place]]></system-out>
      <system-err><![CDATA[]]></system-err>
   </testsuite>
</testsuites>
