<?xml version="1.0" encoding="UTF-8"?>
<testsuites name="TutorialPoint" time="22.907" tests="3" failures="0" errors="0">
   <testsuite name="TutorialPoint" tests="3" failures="0" errors="0" time="22.907" skipped="0" timestamp="04-10-2024T11:18:31" hostname="Rohit Roy - DESKTOP-40FUI3F" id="Test Suites/TutorialPoint">
      <properties>
         <property name="deviceName" value=""/>
         <property name="devicePlatform"/>
         <property name="logFolder" value="C:\\Users\\Rohit Roy\\git\\Katalon-Project\\Reports\\20241004_111829\\TutorialPoint\\20241004_111829"/>
         <property name="logFiles" value="C:\\Users\\Rohit Roy\\git\\Katalon-Project\\Reports\\20241004_111829\\TutorialPoint\\20241004_111829\\execution0.log"/>
         <property name="attachments" value=""/>
         <property name="hostName" value="Rohit Roy - DESKTOP-40FUI3F"/>
         <property name="os" value="Windows 11 64bit"/>
         <property name="katalonVersion" value="9.7.2.223"/>
         <property name="browser" value="Chrome 129.0.0.0"/>
         <property name="hostAddress" value="192.168.29.56"/>
         <property name="sessionId" value="9c27b48a4562eb28868f5b7003975daf"/>
         <property name="seleniumVersion" value="3.141.59"/>
         <property name="proxyInformation" value="ProxyInformation { proxyOption=NO_PROXY, proxyServerType=HTTP, username=, password=********, proxyServerAddress=, proxyServerPort=0, executionList=&quot;&quot;, isApplyToDesiredCapabilities=true }"/>
         <property name="platform" value="Windows 11"/>
      </properties>
      <testcase name="Test Cases/TutorialPoint" time="8.448" classname="Test Cases/TutorialPoint" status="PASSED">
         <system-out><![CDATA[04-10-2024T11:18:31 - [TEST_CASE][PASSED] - Test Cases/TutorialPoint: Test Cases/TutorialPoint

04-10-2024T11:18:31 - [TEST_STEP][PASSED] - openBrowser(""): Browser is opened with url: ''

04-10-2024T11:18:31 - [MESSAGE][INFO] - Starting 'Chrome' driver

04-10-2024T11:18:31 - [MESSAGE][INFO] - Action delay is set to 0 milliseconds

04-10-2024T11:18:32 - [MESSAGE][PASSED] - Browser is opened with url: ''

04-10-2024T11:18:32 - [TEST_STEP][PASSED] - navigateToUrl("https://www.tutorialspoint.com/selenium/practice/register.php"): Navigate to 'https://www.tutorialspoint.com/selenium/practice/register.php' successfully

04-10-2024T11:18:33 - [MESSAGE][PASSED] - Navigate to 'https://www.tutorialspoint.com/selenium/practice/register.php' successfully

04-10-2024T11:18:33 - [TEST_STEP][PASSED] - click(findTestObject("Object Repository/Page_Selenium Practice - Register/input_First Name_firstname")): Object: 'Object Repository/Page_Selenium Practice - Register/input_First Name_firstname' is clicked on

04-10-2024T11:18:34 - [MESSAGE][PASSED] - Object: 'Object Repository/Page_Selenium Practice - Register/input_First Name_firstname' is clicked on

04-10-2024T11:18:34 - [TEST_STEP][PASSED] - setText(findTestObject("Object Repository/Page_Selenium Practice - Register/input_First Name_firstname"), firstname): Text 'j' is set on object 'Object Repository/Page_Selenium Practice - Register/input_First Name_firstname'

04-10-2024T11:18:35 - [MESSAGE][PASSED] - Text 'j' is set on object 'Object Repository/Page_Selenium Practice - Register/input_First Name_firstname'

04-10-2024T11:18:35 - [TEST_STEP][PASSED] - click(findTestObject("Object Repository/Page_Selenium Practice - Register/input_Last Name_lastname")): Object: 'Object Repository/Page_Selenium Practice - Register/input_Last Name_lastname' is clicked on

04-10-2024T11:18:35 - [MESSAGE][PASSED] - Object: 'Object Repository/Page_Selenium Practice - Register/input_Last Name_lastname' is clicked on

04-10-2024T11:18:35 - [TEST_STEP][PASSED] - setText(findTestObject("Object Repository/Page_Selenium Practice - Register/input_Last Name_lastname"), lastname): Text 'xc' is set on object 'Object Repository/Page_Selenium Practice - Register/input_Last Name_lastname'

04-10-2024T11:18:36 - [MESSAGE][PASSED] - Text 'xc' is set on object 'Object Repository/Page_Selenium Practice - Register/input_Last Name_lastname'

04-10-2024T11:18:36 - [TEST_STEP][PASSED] - click(findTestObject("Object Repository/Page_Selenium Practice - Register/input_UserName_username")): Object: 'Object Repository/Page_Selenium Practice - Register/input_UserName_username' is clicked on

04-10-2024T11:18:36 - [MESSAGE][PASSED] - Object: 'Object Repository/Page_Selenium Practice - Register/input_UserName_username' is clicked on

04-10-2024T11:18:37 - [TEST_STEP][PASSED] - setText(findTestObject("Object Repository/Page_Selenium Practice - Register/input_UserName_username"), username): Text 'df' is set on object 'Object Repository/Page_Selenium Practice - Register/input_UserName_username'

04-10-2024T11:18:37 - [MESSAGE][PASSED] - Text 'df' is set on object 'Object Repository/Page_Selenium Practice - Register/input_UserName_username'

04-10-2024T11:18:37 - [TEST_STEP][PASSED] - setText(findTestObject("Object Repository/Page_Selenium Practice - Register/input_Password_password"), pass): Text '4747561' is set on object 'Object Repository/Page_Selenium Practice - Register/input_Password_password'

04-10-2024T11:18:38 - [MESSAGE][PASSED] - Text '4747561' is set on object 'Object Repository/Page_Selenium Practice - Register/input_Password_password'

04-10-2024T11:18:38 - [TEST_STEP][PASSED] - click(findTestObject("Object Repository/Page_Selenium Practice - Register/input_Password_btn btn-primary")): Object: 'Object Repository/Page_Selenium Practice - Register/input_Password_btn btn-primary' is clicked on

04-10-2024T11:18:39 - [MESSAGE][PASSED] - Object: 'Object Repository/Page_Selenium Practice - Register/input_Password_btn btn-primary' is clicked on

04-10-2024T11:18:39 - [TEST_STEP][PASSED] - closeBrowser(): Browser is closed

04-10-2024T11:18:39 - [MESSAGE][PASSED] - Browser is closed]]></system-out>
         <system-err><![CDATA[]]></system-err>
      </testcase>
      <testcase name="Test Cases/TutorialPoint" time="7.555" classname="Test Cases/TutorialPoint" status="PASSED">
         <system-out><![CDATA[04-10-2024T11:18:39 - [TEST_CASE][PASSED] - Test Cases/TutorialPoint: Test Cases/TutorialPoint

04-10-2024T11:18:39 - [TEST_STEP][PASSED] - openBrowser(""): Browser is opened with url: ''

04-10-2024T11:18:39 - [MESSAGE][INFO] - Starting 'Chrome' driver

04-10-2024T11:18:39 - [MESSAGE][INFO] - Action delay is set to 0 milliseconds

04-10-2024T11:18:40 - [MESSAGE][PASSED] - Browser is opened with url: ''

04-10-2024T11:18:40 - [TEST_STEP][PASSED] - navigateToUrl("https://www.tutorialspoint.com/selenium/practice/register.php"): Navigate to 'https://www.tutorialspoint.com/selenium/practice/register.php' successfully

04-10-2024T11:18:41 - [MESSAGE][PASSED] - Navigate to 'https://www.tutorialspoint.com/selenium/practice/register.php' successfully

04-10-2024T11:18:41 - [TEST_STEP][PASSED] - click(findTestObject("Object Repository/Page_Selenium Practice - Register/input_First Name_firstname")): Object: 'Object Repository/Page_Selenium Practice - Register/input_First Name_firstname' is clicked on

04-10-2024T11:18:42 - [MESSAGE][PASSED] - Object: 'Object Repository/Page_Selenium Practice - Register/input_First Name_firstname' is clicked on

04-10-2024T11:18:42 - [TEST_STEP][PASSED] - setText(findTestObject("Object Repository/Page_Selenium Practice - Register/input_First Name_firstname"), firstname): Text 'bcb' is set on object 'Object Repository/Page_Selenium Practice - Register/input_First Name_firstname'

04-10-2024T11:18:42 - [MESSAGE][PASSED] - Text 'bcb' is set on object 'Object Repository/Page_Selenium Practice - Register/input_First Name_firstname'

04-10-2024T11:18:42 - [TEST_STEP][PASSED] - click(findTestObject("Object Repository/Page_Selenium Practice - Register/input_Last Name_lastname")): Object: 'Object Repository/Page_Selenium Practice - Register/input_Last Name_lastname' is clicked on

04-10-2024T11:18:43 - [MESSAGE][PASSED] - Object: 'Object Repository/Page_Selenium Practice - Register/input_Last Name_lastname' is clicked on

04-10-2024T11:18:43 - [TEST_STEP][PASSED] - setText(findTestObject("Object Repository/Page_Selenium Practice - Register/input_Last Name_lastname"), lastname): Text 'thsrh' is set on object 'Object Repository/Page_Selenium Practice - Register/input_Last Name_lastname'

04-10-2024T11:18:44 - [MESSAGE][PASSED] - Text 'thsrh' is set on object 'Object Repository/Page_Selenium Practice - Register/input_Last Name_lastname'

04-10-2024T11:18:44 - [TEST_STEP][PASSED] - click(findTestObject("Object Repository/Page_Selenium Practice - Register/input_UserName_username")): Object: 'Object Repository/Page_Selenium Practice - Register/input_UserName_username' is clicked on

04-10-2024T11:18:44 - [MESSAGE][PASSED] - Object: 'Object Repository/Page_Selenium Practice - Register/input_UserName_username' is clicked on

04-10-2024T11:18:44 - [TEST_STEP][PASSED] - setText(findTestObject("Object Repository/Page_Selenium Practice - Register/input_UserName_username"), username): Text 'dcvgxdv' is set on object 'Object Repository/Page_Selenium Practice - Register/input_UserName_username'

04-10-2024T11:18:45 - [MESSAGE][PASSED] - Text 'dcvgxdv' is set on object 'Object Repository/Page_Selenium Practice - Register/input_UserName_username'

04-10-2024T11:18:45 - [TEST_STEP][PASSED] - setText(findTestObject("Object Repository/Page_Selenium Practice - Register/input_Password_password"), pass): Text '4561561' is set on object 'Object Repository/Page_Selenium Practice - Register/input_Password_password'

04-10-2024T11:18:46 - [MESSAGE][PASSED] - Text '4561561' is set on object 'Object Repository/Page_Selenium Practice - Register/input_Password_password'

04-10-2024T11:18:46 - [TEST_STEP][PASSED] - click(findTestObject("Object Repository/Page_Selenium Practice - Register/input_Password_btn btn-primary")): Object: 'Object Repository/Page_Selenium Practice - Register/input_Password_btn btn-primary' is clicked on

04-10-2024T11:18:47 - [MESSAGE][PASSED] - Object: 'Object Repository/Page_Selenium Practice - Register/input_Password_btn btn-primary' is clicked on

04-10-2024T11:18:47 - [TEST_STEP][PASSED] - closeBrowser(): Browser is closed

04-10-2024T11:18:47 - [MESSAGE][PASSED] - Browser is closed]]></system-out>
         <system-err><![CDATA[]]></system-err>
      </testcase>
      <testcase name="Test Cases/TutorialPoint" time="6.618" classname="Test Cases/TutorialPoint" status="PASSED">
         <system-out><![CDATA[04-10-2024T11:18:47 - [TEST_CASE][PASSED] - Test Cases/TutorialPoint: Test Cases/TutorialPoint

04-10-2024T11:18:47 - [TEST_STEP][PASSED] - openBrowser(""): Browser is opened with url: ''

04-10-2024T11:18:47 - [MESSAGE][INFO] - Starting 'Chrome' driver

04-10-2024T11:18:47 - [MESSAGE][INFO] - Action delay is set to 0 milliseconds

04-10-2024T11:18:48 - [MESSAGE][PASSED] - Browser is opened with url: ''

04-10-2024T11:18:48 - [TEST_STEP][PASSED] - navigateToUrl("https://www.tutorialspoint.com/selenium/practice/register.php"): Navigate to 'https://www.tutorialspoint.com/selenium/practice/register.php' successfully

04-10-2024T11:18:48 - [MESSAGE][PASSED] - Navigate to 'https://www.tutorialspoint.com/selenium/practice/register.php' successfully

04-10-2024T11:18:48 - [TEST_STEP][PASSED] - click(findTestObject("Object Repository/Page_Selenium Practice - Register/input_First Name_firstname")): Object: 'Object Repository/Page_Selenium Practice - Register/input_First Name_firstname' is clicked on

04-10-2024T11:18:49 - [MESSAGE][PASSED] - Object: 'Object Repository/Page_Selenium Practice - Register/input_First Name_firstname' is clicked on

04-10-2024T11:18:49 - [TEST_STEP][PASSED] - setText(findTestObject("Object Repository/Page_Selenium Practice - Register/input_First Name_firstname"), firstname): Text 'zdvg' is set on object 'Object Repository/Page_Selenium Practice - Register/input_First Name_firstname'

04-10-2024T11:18:50 - [MESSAGE][PASSED] - Text 'zdvg' is set on object 'Object Repository/Page_Selenium Practice - Register/input_First Name_firstname'

04-10-2024T11:18:50 - [TEST_STEP][PASSED] - click(findTestObject("Object Repository/Page_Selenium Practice - Register/input_Last Name_lastname")): Object: 'Object Repository/Page_Selenium Practice - Register/input_Last Name_lastname' is clicked on

04-10-2024T11:18:50 - [MESSAGE][PASSED] - Object: 'Object Repository/Page_Selenium Practice - Register/input_Last Name_lastname' is clicked on

04-10-2024T11:18:50 - [TEST_STEP][PASSED] - setText(findTestObject("Object Repository/Page_Selenium Practice - Register/input_Last Name_lastname"), lastname): Text 'bbxsb' is set on object 'Object Repository/Page_Selenium Practice - Register/input_Last Name_lastname'

04-10-2024T11:18:51 - [MESSAGE][PASSED] - Text 'bbxsb' is set on object 'Object Repository/Page_Selenium Practice - Register/input_Last Name_lastname'

04-10-2024T11:18:51 - [TEST_STEP][PASSED] - click(findTestObject("Object Repository/Page_Selenium Practice - Register/input_UserName_username")): Object: 'Object Repository/Page_Selenium Practice - Register/input_UserName_username' is clicked on

04-10-2024T11:18:51 - [MESSAGE][PASSED] - Object: 'Object Repository/Page_Selenium Practice - Register/input_UserName_username' is clicked on

04-10-2024T11:18:51 - [TEST_STEP][PASSED] - setText(findTestObject("Object Repository/Page_Selenium Practice - Register/input_UserName_username"), username): Text 'zbzxb' is set on object 'Object Repository/Page_Selenium Practice - Register/input_UserName_username'

04-10-2024T11:18:52 - [MESSAGE][PASSED] - Text 'zbzxb' is set on object 'Object Repository/Page_Selenium Practice - Register/input_UserName_username'

04-10-2024T11:18:52 - [TEST_STEP][PASSED] - setText(findTestObject("Object Repository/Page_Selenium Practice - Register/input_Password_password"), pass): Text '6566' is set on object 'Object Repository/Page_Selenium Practice - Register/input_Password_password'

04-10-2024T11:18:53 - [MESSAGE][PASSED] - Text '6566' is set on object 'Object Repository/Page_Selenium Practice - Register/input_Password_password'

04-10-2024T11:18:53 - [TEST_STEP][PASSED] - click(findTestObject("Object Repository/Page_Selenium Practice - Register/input_Password_btn btn-primary")): Object: 'Object Repository/Page_Selenium Practice - Register/input_Password_btn btn-primary' is clicked on

04-10-2024T11:18:53 - [MESSAGE][PASSED] - Object: 'Object Repository/Page_Selenium Practice - Register/input_Password_btn btn-primary' is clicked on

04-10-2024T11:18:53 - [TEST_STEP][PASSED] - closeBrowser(): Browser is closed

04-10-2024T11:18:53 - [MESSAGE][PASSED] - Browser is closed]]></system-out>
         <system-err><![CDATA[]]></system-err>
      </testcase>
      <system-out><![CDATA[04-10-2024T11:18:31 - [TEST_SUITE][PASSED] - TutorialPoint: Test Cases/TutorialPoint]]></system-out>
      <system-err><![CDATA[]]></system-err>
   </testsuite>
</testsuites>
