<?xml version="1.0" encoding="UTF-8"?>
<testsuites name="Book Appointment Check" time="16.788" tests="1" failures="0" errors="0">
   <testsuite name="Book Appointment Check" tests="1" failures="0" errors="0" time="16.788" skipped="0" timestamp="20-09-2024T10:17:22" hostname="Rohit Roy - DESKTOP-40FUI3F" id="Test Suites/Book Appointment Check">
      <properties>
         <property name="deviceName" value=""/>
         <property name="devicePlatform"/>
         <property name="logFolder" value="C:\\Users\\Rohit Roy\\git\\Katalon-Project\\Reports\\20240920_101721\\Book Appointment Check\\20240920_101721"/>
         <property name="logFiles" value="C:\\Users\\Rohit Roy\\git\\Katalon-Project\\Reports\\20240920_101721\\Book Appointment Check\\20240920_101721\\execution0.log"/>
         <property name="attachments" value=""/>
         <property name="hostName" value="Rohit Roy - DESKTOP-40FUI3F"/>
         <property name="os" value="Windows 11 64bit"/>
         <property name="katalonVersion" value="9.7.2.223"/>
         <property name="browser" value="Chrome 128.0.0.0"/>
         <property name="hostAddress" value="192.168.29.56"/>
         <property name="sessionId" value="0add0477d08543999d40ba07fd811563"/>
         <property name="seleniumVersion" value="3.141.59"/>
         <property name="proxyInformation" value="ProxyInformation { proxyOption=NO_PROXY, proxyServerType=HTTP, username=, password=********, proxyServerAddress=, proxyServerPort=0, executionList=&quot;&quot;, isApplyToDesiredCapabilities=true }"/>
         <property name="platform" value="Windows 11"/>
      </properties>
      <testcase name="Test Cases/Book a Appointment" time="16.701" classname="Test Cases/Book a Appointment" status="PASSED">
         <system-out><![CDATA[20-09-2024T10:17:23 - [TEST_CASE][PASSED] - Test Cases/Book a Appointment: Test Cases/Book a Appointment

20-09-2024T10:17:23 - [TEST_STEP][PASSED] - openBrowser(""): Browser is opened with url: ''

20-09-2024T10:17:23 - [MESSAGE][INFO] - Starting 'Chrome' driver

20-09-2024T10:17:23 - [MESSAGE][INFO] - Action delay is set to 0 milliseconds

20-09-2024T10:17:24 - [MESSAGE][PASSED] - Browser is opened with url: ''

20-09-2024T10:17:24 - [TEST_STEP][PASSED] - navigateToUrl("https://katalon-demo-cura.herokuapp.com/"): Navigate to 'https://katalon-demo-cura.herokuapp.com/' successfully

20-09-2024T10:17:27 - [MESSAGE][PASSED] - Navigate to 'https://katalon-demo-cura.herokuapp.com/' successfully

20-09-2024T10:17:27 - [TEST_STEP][PASSED] - click(findTestObject("Object Repository/Page_CURA Healthcare Service/a_Make Appointment")): Object: 'Object Repository/Page_CURA Healthcare Service/a_Make Appointment' is clicked on

20-09-2024T10:17:28 - [MESSAGE][PASSED] - Object: 'Object Repository/Page_CURA Healthcare Service/a_Make Appointment' is clicked on

20-09-2024T10:17:28 - [TEST_STEP][PASSED] - setText(findTestObject("Object Repository/Page_CURA Healthcare Service/input_Username_username"), "John Doe"): Text 'John Doe' is set on object 'Object Repository/Page_CURA Healthcare Service/input_Username_username'

20-09-2024T10:17:29 - [MESSAGE][PASSED] - Text 'John Doe' is set on object 'Object Repository/Page_CURA Healthcare Service/input_Username_username'

20-09-2024T10:17:29 - [TEST_STEP][PASSED] - setEncryptedText(findTestObject("Object Repository/Page_CURA Healthcare Service/input_Password_password"), "g3/DOGG74jC3Flrr3yH+3D/yKbOqqUNM"): Text ****** has been set on object 'Object Repository/Page_CURA Healthcare Service/input_Password_password'

20-09-2024T10:17:29 - [MESSAGE][PASSED] - Text ****** has been set on object 'Object Repository/Page_CURA Healthcare Service/input_Password_password'

20-09-2024T10:17:29 - [TEST_STEP][PASSED] - verifyElementPresent(findTestObject("Object Repository/Page_CURA Healthcare Service/button_Login"), 0): Object 'Object Repository/Page_CURA Healthcare Service/button_Login' is present

20-09-2024T10:17:29 - [MESSAGE][WARNING] - Timeout '0' is invalid. Using default page load timeout: '30'

20-09-2024T10:17:29 - [MESSAGE][PASSED] - Object 'Object Repository/Page_CURA Healthcare Service/button_Login' is present

20-09-2024T10:17:29 - [TEST_STEP][PASSED] - click(findTestObject("Object Repository/Page_CURA Healthcare Service/button_Login")): Object: 'Object Repository/Page_CURA Healthcare Service/button_Login' is clicked on

20-09-2024T10:17:31 - [MESSAGE][PASSED] - Object: 'Object Repository/Page_CURA Healthcare Service/button_Login' is clicked on

20-09-2024T10:17:31 - [TEST_STEP][PASSED] - selectOptionByValue(findTestObject("Object Repository/Page_CURA Healthcare Service/select_Tokyo CURA Healthcare Center        _5b4107"), "Hongkong CURA Healthcare Center", true): All options with value 'Hongkong CURA Healthcare Center' are selected in object 'Object Repository/Page_CURA Healthcare Service/select_Tokyo CURA Healthcare Center        _5b4107'  using regular expression

20-09-2024T10:17:32 - [MESSAGE][PASSED] - All options with value 'Hongkong CURA Healthcare Center' are selected in object 'Object Repository/Page_CURA Healthcare Service/select_Tokyo CURA Healthcare Center        _5b4107'  using regular expression

20-09-2024T10:17:32 - [TEST_STEP][PASSED] - click(findTestObject("Object Repository/Page_CURA Healthcare Service/input_Apply for hospital readmission_hospit_63901f")): Object: 'Object Repository/Page_CURA Healthcare Service/input_Apply for hospital readmission_hospit_63901f' is clicked on

20-09-2024T10:17:32 - [MESSAGE][PASSED] - Object: 'Object Repository/Page_CURA Healthcare Service/input_Apply for hospital readmission_hospit_63901f' is clicked on

20-09-2024T10:17:32 - [TEST_STEP][PASSED] - click(findTestObject("Object Repository/Page_CURA Healthcare Service/label_Medicaid")): Object: 'Object Repository/Page_CURA Healthcare Service/label_Medicaid' is clicked on

20-09-2024T10:17:33 - [MESSAGE][PASSED] - Object: 'Object Repository/Page_CURA Healthcare Service/label_Medicaid' is clicked on

20-09-2024T10:17:33 - [TEST_STEP][PASSED] - click(findTestObject("Object Repository/Page_CURA Healthcare Service/span_Visit Date (Required)_glyphicon glyphi_cada34")): Object: 'Object Repository/Page_CURA Healthcare Service/span_Visit Date (Required)_glyphicon glyphi_cada34' is clicked on

20-09-2024T10:17:33 - [MESSAGE][PASSED] - Object: 'Object Repository/Page_CURA Healthcare Service/span_Visit Date (Required)_glyphicon glyphi_cada34' is clicked on

20-09-2024T10:17:33 - [TEST_STEP][PASSED] - click(findTestObject("Object Repository/Page_CURA Healthcare Service/td_18")): Object: 'Object Repository/Page_CURA Healthcare Service/td_18' is clicked on

20-09-2024T10:17:34 - [MESSAGE][PASSED] - Object: 'Object Repository/Page_CURA Healthcare Service/td_18' is clicked on

20-09-2024T10:17:34 - [TEST_STEP][PASSED] - setText(findTestObject("Object Repository/Page_CURA Healthcare Service/textarea_Comment_comment"), "Appointment"): Text 'Appointment' is set on object 'Object Repository/Page_CURA Healthcare Service/textarea_Comment_comment'

20-09-2024T10:17:35 - [MESSAGE][PASSED] - Text 'Appointment' is set on object 'Object Repository/Page_CURA Healthcare Service/textarea_Comment_comment'

20-09-2024T10:17:35 - [TEST_STEP][PASSED] - verifyElementPresent(findTestObject("Object Repository/Page_CURA Healthcare Service/button_Book Appointment"), 0): Object 'Object Repository/Page_CURA Healthcare Service/button_Book Appointment' is present

20-09-2024T10:17:35 - [MESSAGE][WARNING] - Timeout '0' is invalid. Using default page load timeout: '30'

20-09-2024T10:17:35 - [MESSAGE][PASSED] - Object 'Object Repository/Page_CURA Healthcare Service/button_Book Appointment' is present

20-09-2024T10:17:35 - [TEST_STEP][PASSED] - click(findTestObject("Object Repository/Page_CURA Healthcare Service/button_Book Appointment")): Object: 'Object Repository/Page_CURA Healthcare Service/button_Book Appointment' is clicked on

20-09-2024T10:17:35 - [MESSAGE][PASSED] - Object: 'Object Repository/Page_CURA Healthcare Service/button_Book Appointment' is clicked on

20-09-2024T10:17:36 - [TEST_STEP][PASSED] - navigateToUrl("https://katalon-demo-cura.herokuapp.com/appointment.php#summary"): Navigate to 'https://katalon-demo-cura.herokuapp.com/appointment.php#summary' successfully

20-09-2024T10:17:36 - [MESSAGE][PASSED] - Navigate to 'https://katalon-demo-cura.herokuapp.com/appointment.php#summary' successfully

20-09-2024T10:17:36 - [TEST_STEP][PASSED] - click(findTestObject("Object Repository/Page_CURA Healthcare Service/div_Hongkong CURA Healthcare Center")): Object: 'Object Repository/Page_CURA Healthcare Service/div_Hongkong CURA Healthcare Center' is clicked on

20-09-2024T10:17:36 - [MESSAGE][PASSED] - Object: 'Object Repository/Page_CURA Healthcare Service/div_Hongkong CURA Healthcare Center' is clicked on

20-09-2024T10:17:36 - [TEST_STEP][PASSED] - verifyElementText(findTestObject("Object Repository/Page_CURA Healthcare Service/p_Hongkong CURA Healthcare Center"), "Hongkong CURA Healthcare Center"): Actual text and expected text of test object 'Object Repository/Page_CURA Healthcare Service/p_Hongkong CURA Healthcare Center' are matched.

20-09-2024T10:17:36 - [MESSAGE][PASSED] - Actual text and expected text of test object 'Object Repository/Page_CURA Healthcare Service/p_Hongkong CURA Healthcare Center' are matched.

20-09-2024T10:17:36 - [TEST_STEP][PASSED] - click(findTestObject("Object Repository/Page_CURA Healthcare Service/a_Go to Homepage")): Object: 'Object Repository/Page_CURA Healthcare Service/a_Go to Homepage' is clicked on

20-09-2024T10:17:37 - [MESSAGE][PASSED] - Object: 'Object Repository/Page_CURA Healthcare Service/a_Go to Homepage' is clicked on

20-09-2024T10:17:37 - [TEST_STEP][PASSED] - click(findTestObject("Object Repository/Page_CURA Healthcare Service/i_CURA Healthcare_fa fa-bars")): Object: 'Object Repository/Page_CURA Healthcare Service/i_CURA Healthcare_fa fa-bars' is clicked on

20-09-2024T10:17:38 - [MESSAGE][PASSED] - Object: 'Object Repository/Page_CURA Healthcare Service/i_CURA Healthcare_fa fa-bars' is clicked on

20-09-2024T10:17:38 - [TEST_STEP][PASSED] - verifyElementPresent(findTestObject("Object Repository/Page_CURA Healthcare Service/a_CURA Healthcare_menu-toggle"), 0): Object 'Object Repository/Page_CURA Healthcare Service/a_CURA Healthcare_menu-toggle' is present

20-09-2024T10:17:38 - [MESSAGE][WARNING] - Timeout '0' is invalid. Using default page load timeout: '30'

20-09-2024T10:17:38 - [MESSAGE][PASSED] - Object 'Object Repository/Page_CURA Healthcare Service/a_CURA Healthcare_menu-toggle' is present

20-09-2024T10:17:38 - [TEST_STEP][PASSED] - click(findTestObject("Object Repository/Page_CURA Healthcare Service/a_Logout")): Object: 'Object Repository/Page_CURA Healthcare Service/a_Logout' is clicked on

20-09-2024T10:17:39 - [MESSAGE][PASSED] - Object: 'Object Repository/Page_CURA Healthcare Service/a_Logout' is clicked on

20-09-2024T10:17:39 - [TEST_STEP][PASSED] - closeBrowser(): Browser is closed

20-09-2024T10:17:39 - [MESSAGE][PASSED] - Browser is closed]]></system-out>
         <system-err><![CDATA[]]></system-err>
      </testcase>
      <system-out><![CDATA[20-09-2024T10:17:22 - [TEST_SUITE][PASSED] - Book Appointment Check: Test Cases/Book a Appointment]]></system-out>
      <system-err><![CDATA[]]></system-err>
   </testsuite>
</testsuites>
